<?xml version="1.0" encoding="utf-8"?>
<shfbBuild product="Sandcastle Help File Builder and Tools" version="2017.12.30.2" projectFile="C:\Users\Dylan Menchetti\Documents\Spring_2018\Computer_Science\Spring2018\Senioritus\PC-Hawk-Customs\Documentation1\HawkDocs.shfbproj" started="4/19/2018 7:51:55 PM">
<buildStep step="Initializing">
Finding tools...
The Sandcastle tools are located in &#39;C:\Program Files (x86)\EWSoftware\Sandcastle Help File Builder\&#39;
Searching for HTML Help 1 compiler...
Found HTML Help 1 compiler in &#39;C:\Program Files (x86)\HTML Help Workshop\&#39;
Locating components in the following folder(s):
    C:\Users\Dylan Menchetti\Documents\Spring_2018\Computer_Science\Spring2018\Senioritus\PC-Hawk-Customs\Documentation1
    C:\ProgramData\EWSoftware\Sandcastle Help File Builder\Components and Plug-Ins\
    C:\Program Files (x86)\EWSoftware\Sandcastle Help File Builder\
Using framework reflection data for &#39;.NET Framework 4.5&#39; located in &#39;C:\Program Files (x86)\EWSoftware\Sandcastle Help File Builder\Data\.NETFramework&#39;
Using presentation style &#39;VS2013&#39; located in &#39;C:\Program Files (x86)\EWSoftware\Sandcastle Help File Builder\PresentationStyles\VS2013&#39;
Loading and initializing plug-ins...
Lightweight Website Style Version 2017.12.30.2
Copyright &#169; 2006-2017, Eric Woodruff, All Rights Reserved
Portions Copyright &#169; 2014, Sam Harwell, All Rights Reserved
</buildStep>
<buildStep step="ClearWorkFolder">
Clearing working folder...
</buildStep>
<buildStep step="ValidatingDocumentationSources">
Validating and copying documentation source information
Source: C:\Users\Dylan Menchetti\Documents\Spring_2018\Computer_Science\Spring2018\Senioritus\PC-Hawk-Customs\PCHawkCustoms.sln
    Found project &#39;C:\Users\Dylan Menchetti\Documents\Spring_2018\Computer_Science\Spring2018\Senioritus\PC-Hawk-Customs\Backend\PrimaryQueries\PrimaryQueries\PrimaryQueries.csproj&#39;
    Found project &#39;C:\Users\Dylan Menchetti\Documents\Spring_2018\Computer_Science\Spring2018\Senioritus\PC-Hawk-Customs\PCHawk\PCHawk.csproj&#39;

Parsing project files
    Found assembly &#39;C:\Users\Dylan Menchetti\Documents\Spring_2018\Computer_Science\Spring2018\Senioritus\PC-Hawk-Customs\Backend\PrimaryQueries\PrimaryQueries\bin\Debug\PrimaryQueries.dll&#39;
    Found assembly &#39;C:\Users\Dylan Menchetti\Documents\Spring_2018\Computer_Science\Spring2018\Senioritus\PC-Hawk-Customs\PCHawk\bin\Debug\PCHawk.exe&#39;
SHFB: Warning BE0007: A project with a different or higher framework version was found.  Changing project FrameworkVersion property from &#39;.NET Framework 4.5&#39; to &#39;.NET Framework 4.6.1&#39; for the build.

References to include (excluding framework assemblies):
    PrimaryQueries

Copying XML comments files
    C:\Users\Dylan Menchetti\Documents\Spring_2018\Computer_Science\Spring2018\Senioritus\PC-Hawk-Customs\Backend\PrimaryQueries\PrimaryQueries\bin\Debug\PrimaryQueries.xml -&gt; C:\Users\Dylan Menchetti\Documents\Spring_2018\Computer_Science\Spring2018\Senioritus\PC-Hawk-Customs\Documentation1\Help\Working\PrimaryQueries.xml
    C:\Users\Dylan Menchetti\Documents\Spring_2018\Computer_Science\Spring2018\Senioritus\PC-Hawk-Customs\PCHawk\bin\Debug\PCHawk.xml -&gt; C:\Users\Dylan Menchetti\Documents\Spring_2018\Computer_Science\Spring2018\Senioritus\PC-Hawk-Customs\Documentation1\Help\Working\PCHawk.xml
</buildStep>
<buildStep step="GenerateSharedContent">
Generating shared content files (en-US, English (United States))...
<plugIn name="Lightweight Website Style" behavior="After" priority="1000">
</plugIn>    Last step completed in 00:00:00.1177
</buildStep>
<buildStep step="GenerateApiFilter">
Generating API filter for MRefBuilder...
    Last step completed in 00:00:00.0311
</buildStep>
<buildStep step="GenerateReflectionInfo">
Generating reflection information...
[C:\Program Files (x86)\MSBuild\14.0\bin\amd64\MSBuild.exe - GenerateRefInfo.proj]
Build started 4/19/2018 7:51:57 PM.
Project &quot;C:\Users\Dylan Menchetti\Documents\Spring_2018\Computer_Science\Spring2018\Senioritus\PC-Hawk-Customs\Documentation1\Help\Working\GenerateRefInfo.proj&quot; on node 1 (default targets).
PrepareForBuild:
  Creating directory &quot;obj\Debug\&quot;.
GenerateRefInfo:
  MRefBuilder (v2017.12.30.2)
  Copyright c 2006-2017, Microsoft Corporation, All Rights Reserved.
  Portions Copyright c 2006-2016, Eric Woodruff, All Rights Reserved.
  No source code context base path specified.  Source context information is unavailable.
  Loaded 2 assemblies for reflection and 2 dependency assemblies.
  Wrote information on 2 namespaces, 26 types, and 180 members
  Copying file from &quot;reflection.org&quot; to &quot;reflection.all&quot;.
  XslTransform (v2017.12.30.2)
  Copyright c 2006-2017, Microsoft Corporation, All Rights Reserved.
  Portions Copyright c 2006-2016, Eric Woodruff, All Rights Reserved.
  Applying XSL transformation &#39;C:\Program Files (x86)\EWSoftware\Sandcastle Help File Builder\ProductionTransforms\MergeDuplicates.xsl&#39;.
Done Building Project &quot;C:\Users\Dylan Menchetti\Documents\Spring_2018\Computer_Science\Spring2018\Senioritus\PC-Hawk-Customs\Documentation1\Help\Working\GenerateRefInfo.proj&quot; (default targets).

Build succeeded.

Time Elapsed 00:00:02.32
    Last step completed in 00:00:02.7972
</buildStep>
<buildStep step="TransformReflectionInfo">
Transforming reflection output...
[C:\Program Files (x86)\MSBuild\14.0\bin\amd64\MSBuild.exe - TransformManifest.proj]
Build started 4/19/2018 7:51:59 PM.
Project &quot;C:\Users\Dylan Menchetti\Documents\Spring_2018\Computer_Science\Spring2018\Senioritus\PC-Hawk-Customs\Documentation1\Help\Working\TransformManifest.proj&quot; on node 1 (default targets).
TransformManifest:
  XslTransform (v2017.12.30.2)
  Copyright c 2006-2017, Microsoft Corporation, All Rights Reserved.
  Portions Copyright c 2006-2016, Eric Woodruff, All Rights Reserved.
  Applying XSL transformation &#39;C:\Program Files (x86)\EWSoftware\Sandcastle Help File Builder\\ProductionTransforms\ApplyVSDocModel.xsl&#39;.
  Copying file from &quot;reflection.xml&quot; to &quot;reflection.nofilenames&quot;.
  XslTransform (v2017.12.30.2)
  Copyright c 2006-2017, Microsoft Corporation, All Rights Reserved.
  Portions Copyright c 2006-2016, Eric Woodruff, All Rights Reserved.
  Applying XSL transformation &#39;C:\Program Files (x86)\EWSoftware\Sandcastle Help File Builder\ProductionTransforms\AddFilenames.xsl&#39;.
  XslTransform (v2017.12.30.2)
  Copyright c 2006-2017, Microsoft Corporation, All Rights Reserved.
  Portions Copyright c 2006-2016, Eric Woodruff, All Rights Reserved.
  Applying XSL transformation &#39;C:\Program Files (x86)\EWSoftware\Sandcastle Help File Builder\ProductionTransforms\ReflectionToManifest.xsl&#39;.
Done Building Project &quot;C:\Users\Dylan Menchetti\Documents\Spring_2018\Computer_Science\Spring2018\Senioritus\PC-Hawk-Customs\Documentation1\Help\Working\TransformManifest.proj&quot; (default targets).

Build succeeded.

Time Elapsed 00:00:04.33
    Last step completed in 00:00:04.6522
</buildStep>
<buildStep step="GenerateNamespaceSummaries">
Generating namespace summary information...
    Last step completed in 00:00:00.1406
</buildStep>
<buildStep step="CopyConceptualContent">
Copying conceptual content...
Copying standard token shared content file...
Checking for other token files...
Checking for code snippets files...
Copying images and creating the media map file...
Generating conceptual topic files
    Parsing topic file &#39;C:\Users\Dylan Menchetti\Documents\Spring_2018\Computer_Science\Spring2018\Senioritus\PC-Hawk-Customs\Documentation1\Content\Welcome.aml&#39;
    C:\Users\Dylan Menchetti\Documents\Spring_2018\Computer_Science\Spring2018\Senioritus\PC-Hawk-Customs\Documentation1\Content\Welcome.aml -&gt; C:\Users\Dylan Menchetti\Documents\Spring_2018\Computer_Science\Spring2018\Senioritus\PC-Hawk-Customs\Documentation1\Help\Working\ddueXml\d098dbc0-a177-4ce8-80b2-fbbda8015117.xml
    Parsing topic file &#39;C:\Users\Dylan Menchetti\Documents\Spring_2018\Computer_Science\Spring2018\Senioritus\PC-Hawk-Customs\Documentation1\Content\VersionHistory\VersionHistory.aml&#39;
    C:\Users\Dylan Menchetti\Documents\Spring_2018\Computer_Science\Spring2018\Senioritus\PC-Hawk-Customs\Documentation1\Content\VersionHistory\VersionHistory.aml -&gt; C:\Users\Dylan Menchetti\Documents\Spring_2018\Computer_Science\Spring2018\Senioritus\PC-Hawk-Customs\Documentation1\Help\Working\ddueXml\c55fe442-88da-4d3d-8d03-6c0133b944d6.xml
    Parsing topic file &#39;C:\Users\Dylan Menchetti\Documents\Spring_2018\Computer_Science\Spring2018\Senioritus\PC-Hawk-Customs\Documentation1\Content\VersionHistory\v1.0.0.0.aml&#39;
    C:\Users\Dylan Menchetti\Documents\Spring_2018\Computer_Science\Spring2018\Senioritus\PC-Hawk-Customs\Documentation1\Content\VersionHistory\v1.0.0.0.aml -&gt; C:\Users\Dylan Menchetti\Documents\Spring_2018\Computer_Science\Spring2018\Senioritus\PC-Hawk-Customs\Documentation1\Help\Working\ddueXml\fb46dc17-c14e-488d-b8f0-314659721567.xml
    Last step completed in 00:00:00.0469
</buildStep>
<buildStep step="CreateConceptualTopicConfigs">
Creating conceptual topic configuration files...
    Companion files
    _ContentMetadata_.xml
    Merging topic IDs into manifest.xml
    Last step completed in 00:00:00.0469
</buildStep>
<buildStep step="CopyAdditionalContent">
Copying additional content files...
C:\Users\Dylan Menchetti\Documents\Spring_2018\Computer_Science\Spring2018\Senioritus\PC-Hawk-Customs\Documentation1\icons\Help.png -&gt; C:\Users\Dylan Menchetti\Documents\Spring_2018\Computer_Science\Spring2018\Senioritus\PC-Hawk-Customs\Documentation1\Help\Working\Output\HtmlHelp1\icons\Help.png
    Last step completed in 00:00:00.0000
</buildStep>
<buildStep step="MergeTablesOfContents">
Merging conceptual and additional tables of contents...
    Last step completed in 00:00:00.0000
</buildStep>
<buildStep step="GenerateIntermediateTableOfContents">
Generating intermediate table of contents file...
[C:\Program Files (x86)\MSBuild\14.0\bin\amd64\MSBuild.exe - GenerateIntermediateTOC.proj]
Build started 4/19/2018 7:52:04 PM.
Project &quot;C:\Users\Dylan Menchetti\Documents\Spring_2018\Computer_Science\Spring2018\Senioritus\PC-Hawk-Customs\Documentation1\Help\Working\GenerateIntermediateTOC.proj&quot; on node 1 (default targets).
GenerateIntermediateTOC:
  XslTransform (v2017.12.30.2)
  Copyright c 2006-2017, Microsoft Corporation, All Rights Reserved.
  Portions Copyright c 2006-2016, Eric Woodruff, All Rights Reserved.
  Applying XSL transformation &#39;C:\Program Files (x86)\EWSoftware\Sandcastle Help File Builder\\ProductionTransforms\CreateVSToc.xsl&#39;.
Done Building Project &quot;C:\Users\Dylan Menchetti\Documents\Spring_2018\Computer_Science\Spring2018\Senioritus\PC-Hawk-Customs\Documentation1\Help\Working\GenerateIntermediateTOC.proj&quot; (default targets).

Build succeeded.

Time Elapsed 00:00:01.25
Generating conceptual content intermediate TOC file...
    Last step completed in 00:00:01.6095
</buildStep>
<buildStep step="CreateBuildAssemblerConfigs">
Creating Sandcastle configuration files...
    sandcastle.config
    Last step completed in 00:00:00.3907
</buildStep>
<buildStep step="MergeCustomConfigs">
Merging custom build component configurations
C:\Users\Dylan Menchetti\Documents\Spring_2018\Computer_Science\Spring2018\Senioritus\PC-Hawk-Customs\Documentation1\Help\Working\sandcastle.config
  Updating reference topic configurations.
  Updating conceptual topic configurations.
    Removing unused ExampleComponent.
    Last step completed in 00:00:00.0000
</buildStep>
<buildStep step="BuildTopics">
Building help topics...
[C:\Program Files (x86)\MSBuild\14.0\bin\amd64\MSBuild.exe - BuildTopics.proj]
Build started 4/19/2018 7:52:06 PM.
Project &quot;C:\Users\Dylan Menchetti\Documents\Spring_2018\Computer_Science\Spring2018\Senioritus\PC-Hawk-Customs\Documentation1\Help\Working\BuildTopics.proj&quot; on node 1 (default targets).
BuildTopics:
  BuildAssembler (v2017.12.30.2)
  Copyright c 2006-2017, Microsoft Corporation, All Rights Reserved.
  Portions Copyright c 2006-2016, Eric Woodruff, All Rights Reserved.
  Loading configuration...
  ResolveReferenceLinksComponent: The MSDN content ID cache &#39;C:\Users\Dylan Menchetti\AppData\Local\EWSoftware\Sandcastle Help File Builder\Cache\MsdnContentId.cache&#39; does not exist yet.  All IDs will be looked up in this build which will slow it down.
  Processing topics...
BuildAssembler : warning : ShowMissingComponent: [N:PCHawk] Missing &lt;summary&gt; documentation [C:\Users\Dylan Menchetti\Documents\Spring_2018\Computer_Science\Spring2018\Senioritus\PC-Hawk-Customs\Documentation1\Help\Working\BuildTopics.proj]
BuildAssembler : warning : ShowMissingComponent: [T:PCHawk.accountForm] Missing &lt;summary&gt; documentation [C:\Users\Dylan Menchetti\Documents\Spring_2018\Computer_Science\Spring2018\Senioritus\PC-Hawk-Customs\Documentation1\Help\Working\BuildTopics.proj]
BuildAssembler : warning : ShowMissingComponent: [T:PCHawk.cartForm] Missing &lt;summary&gt; documentation [C:\Users\Dylan Menchetti\Documents\Spring_2018\Computer_Science\Spring2018\Senioritus\PC-Hawk-Customs\Documentation1\Help\Working\BuildTopics.proj]
BuildAssembler : warning : ShowMissingComponent: [T:PCHawk.checkOutForm] Missing &lt;summary&gt; documentation [C:\Users\Dylan Menchetti\Documents\Spring_2018\Computer_Science\Spring2018\Senioritus\PC-Hawk-Customs\Documentation1\Help\Working\BuildTopics.proj]
BuildAssembler : warning : ShowMissingComponent: [T:PCHawk.freeBuildForm] Missing &lt;summary&gt; documentation [C:\Users\Dylan Menchetti\Documents\Spring_2018\Computer_Science\Spring2018\Senioritus\PC-Hawk-Customs\Documentation1\Help\Working\BuildTopics.proj]
BuildAssembler : warning : ShowMissingComponent: [T:PCHawk.frmHome] Missing &lt;summary&gt; documentation [C:\Users\Dylan Menchetti\Documents\Spring_2018\Computer_Science\Spring2018\Senioritus\PC-Hawk-Customs\Documentation1\Help\Working\BuildTopics.proj]
BuildAssembler : warning : ShowMissingComponent: [T:PCHawk.helpForm] Missing &lt;summary&gt; documentation [C:\Users\Dylan Menchetti\Documents\Spring_2018\Computer_Science\Spring2018\Senioritus\PC-Hawk-Customs\Documentation1\Help\Working\BuildTopics.proj]
BuildAssembler : warning : ShowMissingComponent: [T:PCHawk.homeScreenControl] Missing &lt;summary&gt; documentation [C:\Users\Dylan Menchetti\Documents\Spring_2018\Computer_Science\Spring2018\Senioritus\PC-Hawk-Customs\Documentation1\Help\Working\BuildTopics.proj]
BuildAssembler : warning : ShowMissingComponent: [T:PCHawk.preBuildForm] Missing &lt;summary&gt; documentation [C:\Users\Dylan Menchetti\Documents\Spring_2018\Computer_Science\Spring2018\Senioritus\PC-Hawk-Customs\Documentation1\Help\Working\BuildTopics.proj]
BuildAssembler : warning : ShowMissingComponent: [T:PCHawk.SignInForm] Missing &lt;summary&gt; documentation [C:\Users\Dylan Menchetti\Documents\Spring_2018\Computer_Science\Spring2018\Senioritus\PC-Hawk-Customs\Documentation1\Help\Working\BuildTopics.proj]
BuildAssembler : warning : ShowMissingComponent: [T:PCHawk.signUpForm] Missing &lt;summary&gt; documentation [C:\Users\Dylan Menchetti\Documents\Spring_2018\Computer_Science\Spring2018\Senioritus\PC-Hawk-Customs\Documentation1\Help\Working\BuildTopics.proj]
BuildAssembler : warning : ShowMissingComponent: [N:PrimaryQueries] Missing &lt;summary&gt; documentation [C:\Users\Dylan Menchetti\Documents\Spring_2018\Computer_Science\Spring2018\Senioritus\PC-Hawk-Customs\Documentation1\Help\Working\BuildTopics.proj]
BuildAssembler : warning : ShowMissingComponent: [P:PrimaryQueries.Case.externalSize] Missing &lt;summary&gt; documentation [C:\Users\Dylan Menchetti\Documents\Spring_2018\Computer_Science\Spring2018\Senioritus\PC-Hawk-Customs\Documentation1\Help\Working\BuildTopics.proj]
BuildAssembler : warning : ShowMissingComponent: [M:PrimaryQueries.Case.GetAttributes] Missing &lt;summary&gt; documentation [C:\Users\Dylan Menchetti\Documents\Spring_2018\Computer_Science\Spring2018\Senioritus\PC-Hawk-Customs\Documentation1\Help\Working\BuildTopics.proj]
BuildAssembler : warning : ShowMissingComponent: [M:PrimaryQueries.Case.GetAttributes] Missing &lt;returns&gt; documentation [C:\Users\Dylan Menchetti\Documents\Spring_2018\Computer_Science\Spring2018\Senioritus\PC-Hawk-Customs\Documentation1\Help\Working\BuildTopics.proj]
BuildAssembler : warning : ShowMissingComponent: [P:PrimaryQueries.Case.internalSize] Missing &lt;summary&gt; documentation [C:\Users\Dylan Menchetti\Documents\Spring_2018\Computer_Science\Spring2018\Senioritus\PC-Hawk-Customs\Documentation1\Help\Working\BuildTopics.proj]
BuildAssembler : warning : ShowMissingComponent: [P:PrimaryQueries.Case.powerSupply] Missing &lt;summary&gt; documentation [C:\Users\Dylan Menchetti\Documents\Spring_2018\Computer_Science\Spring2018\Senioritus\PC-Hawk-Customs\Documentation1\Help\Working\BuildTopics.proj]
BuildAssembler : warning : ShowMissingComponent: [P:PrimaryQueries.Case.type] Missing &lt;summary&gt; documentation [C:\Users\Dylan Menchetti\Documents\Spring_2018\Computer_Science\Spring2018\Senioritus\PC-Hawk-Customs\Documentation1\Help\Working\BuildTopics.proj]
BuildAssembler : warning : ShowMissingComponent: [T:PrimaryQueries.Computer] Missing &lt;summary&gt; documentation [C:\Users\Dylan Menchetti\Documents\Spring_2018\Computer_Science\Spring2018\Senioritus\PC-Hawk-Customs\Documentation1\Help\Working\BuildTopics.proj]
BuildAssembler : warning : ShowMissingComponent: [M:PrimaryQueries.Computer.#ctor(System.Int32,System.String,PrimaryQueries.Case,PrimaryQueries.CPU,PrimaryQueries.Fan,PrimaryQueries.GraphicsCard,PrimaryQueries.Memory,PrimaryQueries.MOBO,PrimaryQueries.PowerSupply,PrimaryQueries.Storage)] Missing &lt;param name=&quot;serialNumber&quot;/&gt; documentation [C:\Users\Dylan Menchetti\Documents\Spring_2018\Computer_Science\Spring2018\Senioritus\PC-Hawk-Customs\Documentation1\Help\Working\BuildTopics.proj]
BuildAssembler : warning : ShowMissingComponent: [M:PrimaryQueries.Computer.#ctor(System.Int32,System.String,PrimaryQueries.Case,PrimaryQueries.CPU,PrimaryQueries.Fan,PrimaryQueries.GraphicsCard,PrimaryQueries.Memory,PrimaryQueries.MOBO,PrimaryQueries.PowerSupply,PrimaryQueries.Storage)] Missing &lt;param name=&quot;name&quot;/&gt; documentation [C:\Users\Dylan Menchetti\Documents\Spring_2018\Computer_Science\Spring2018\Senioritus\PC-Hawk-Customs\Documentation1\Help\Working\BuildTopics.proj]
BuildAssembler : warning : ShowMissingComponent: [M:PrimaryQueries.Computer.#ctor(System.Int32,System.String,PrimaryQueries.Case,PrimaryQueries.CPU,PrimaryQueries.Fan,PrimaryQueries.GraphicsCard,PrimaryQueries.Memory,PrimaryQueries.MOBO,PrimaryQueries.PowerSupply,PrimaryQueries.Storage)] Missing &lt;param name=&quot;pcCase&quot;/&gt; documentation [C:\Users\Dylan Menchetti\Documents\Spring_2018\Computer_Science\Spring2018\Senioritus\PC-Hawk-Customs\Documentation1\Help\Working\BuildTopics.proj]
BuildAssembler : warning : ShowMissingComponent: [M:PrimaryQueries.Computer.#ctor(System.Int32,System.String,PrimaryQueries.Case,PrimaryQueries.CPU,PrimaryQueries.Fan,PrimaryQueries.GraphicsCard,PrimaryQueries.Memory,PrimaryQueries.MOBO,PrimaryQueries.PowerSupply,PrimaryQueries.Storage)] Missing &lt;param name=&quot;cpu&quot;/&gt; documentation [C:\Users\Dylan Menchetti\Documents\Spring_2018\Computer_Science\Spring2018\Senioritus\PC-Hawk-Customs\Documentation1\Help\Working\BuildTopics.proj]
BuildAssembler : warning : ShowMissingComponent: [M:PrimaryQueries.Computer.#ctor(System.Int32,System.String,PrimaryQueries.Case,PrimaryQueries.CPU,PrimaryQueries.Fan,PrimaryQueries.GraphicsCard,PrimaryQueries.Memory,PrimaryQueries.MOBO,PrimaryQueries.PowerSupply,PrimaryQueries.Storage)] Missing &lt;param name=&quot;fan&quot;/&gt; documentation [C:\Users\Dylan Menchetti\Documents\Spring_2018\Computer_Science\Spring2018\Senioritus\PC-Hawk-Customs\Documentation1\Help\Working\BuildTopics.proj]
BuildAssembler : warning : ShowMissingComponent: [M:PrimaryQueries.Computer.#ctor(System.Int32,System.String,PrimaryQueries.Case,PrimaryQueries.CPU,PrimaryQueries.Fan,PrimaryQueries.GraphicsCard,PrimaryQueries.Memory,PrimaryQueries.MOBO,PrimaryQueries.PowerSupply,PrimaryQueries.Storage)] Missing &lt;param name=&quot;gCard&quot;/&gt; documentation [C:\Users\Dylan Menchetti\Documents\Spring_2018\Computer_Science\Spring2018\Senioritus\PC-Hawk-Customs\Documentation1\Help\Working\BuildTopics.proj]
BuildAssembler : warning : ShowMissingComponent: [M:PrimaryQueries.Computer.#ctor(System.Int32,System.String,PrimaryQueries.Case,PrimaryQueries.CPU,PrimaryQueries.Fan,PrimaryQueries.GraphicsCard,PrimaryQueries.Memory,PrimaryQueries.MOBO,PrimaryQueries.PowerSupply,PrimaryQueries.Storage)] Missing &lt;param name=&quot;memory&quot;/&gt; documentation [C:\Users\Dylan Menchetti\Documents\Spring_2018\Computer_Science\Spring2018\Senioritus\PC-Hawk-Customs\Documentation1\Help\Working\BuildTopics.proj]
BuildAssembler : warning : ShowMissingComponent: [M:PrimaryQueries.Computer.#ctor(System.Int32,System.String,PrimaryQueries.Case,PrimaryQueries.CPU,PrimaryQueries.Fan,PrimaryQueries.GraphicsCard,PrimaryQueries.Memory,PrimaryQueries.MOBO,PrimaryQueries.PowerSupply,PrimaryQueries.Storage)] Missing &lt;param name=&quot;mBoard&quot;/&gt; documentation [C:\Users\Dylan Menchetti\Documents\Spring_2018\Computer_Science\Spring2018\Senioritus\PC-Hawk-Customs\Documentation1\Help\Working\BuildTopics.proj]
BuildAssembler : warning : ShowMissingComponent: [M:PrimaryQueries.Computer.#ctor(System.Int32,System.String,PrimaryQueries.Case,PrimaryQueries.CPU,PrimaryQueries.Fan,PrimaryQueries.GraphicsCard,PrimaryQueries.Memory,PrimaryQueries.MOBO,PrimaryQueries.PowerSupply,PrimaryQueries.Storage)] Missing &lt;param name=&quot;power&quot;/&gt; documentation [C:\Users\Dylan Menchetti\Documents\Spring_2018\Computer_Science\Spring2018\Senioritus\PC-Hawk-Customs\Documentation1\Help\Working\BuildTopics.proj]
BuildAssembler : warning : ShowMissingComponent: [M:PrimaryQueries.Computer.#ctor(System.Int32,System.String,PrimaryQueries.Case,PrimaryQueries.CPU,PrimaryQueries.Fan,PrimaryQueries.GraphicsCard,PrimaryQueries.Memory,PrimaryQueries.MOBO,PrimaryQueries.PowerSupply,PrimaryQueries.Storage)] Missing &lt;param name=&quot;storage&quot;/&gt; documentation [C:\Users\Dylan Menchetti\Documents\Spring_2018\Computer_Science\Spring2018\Senioritus\PC-Hawk-Customs\Documentation1\Help\Working\BuildTopics.proj]
BuildAssembler : warning : ShowMissingComponent: [M:PrimaryQueries.Computer.#ctor(System.String,PrimaryQueries.Case,PrimaryQueries.CPU,PrimaryQueries.Fan,PrimaryQueries.GraphicsCard,PrimaryQueries.Memory,PrimaryQueries.MOBO,PrimaryQueries.PowerSupply,PrimaryQueries.Storage)] Missing &lt;param name=&quot;name&quot;/&gt; documentation [C:\Users\Dylan Menchetti\Documents\Spring_2018\Computer_Science\Spring2018\Senioritus\PC-Hawk-Customs\Documentation1\Help\Working\BuildTopics.proj]
BuildAssembler : warning : ShowMissingComponent: [M:PrimaryQueries.Computer.#ctor(System.String,PrimaryQueries.Case,PrimaryQueries.CPU,PrimaryQueries.Fan,PrimaryQueries.GraphicsCard,PrimaryQueries.Memory,PrimaryQueries.MOBO,PrimaryQueries.PowerSupply,PrimaryQueries.Storage)] Missing &lt;param name=&quot;pcCase&quot;/&gt; documentation [C:\Users\Dylan Menchetti\Documents\Spring_2018\Computer_Science\Spring2018\Senioritus\PC-Hawk-Customs\Documentation1\Help\Working\BuildTopics.proj]
BuildAssembler : warning : ShowMissingComponent: [M:PrimaryQueries.Computer.#ctor(System.String,PrimaryQueries.Case,PrimaryQueries.CPU,PrimaryQueries.Fan,PrimaryQueries.GraphicsCard,PrimaryQueries.Memory,PrimaryQueries.MOBO,PrimaryQueries.PowerSupply,PrimaryQueries.Storage)] Missing &lt;param name=&quot;cpu&quot;/&gt; documentation [C:\Users\Dylan Menchetti\Documents\Spring_2018\Computer_Science\Spring2018\Senioritus\PC-Hawk-Customs\Documentation1\Help\Working\BuildTopics.proj]
BuildAssembler : warning : ShowMissingComponent: [M:PrimaryQueries.Computer.#ctor(System.String,PrimaryQueries.Case,PrimaryQueries.CPU,PrimaryQueries.Fan,PrimaryQueries.GraphicsCard,PrimaryQueries.Memory,PrimaryQueries.MOBO,PrimaryQueries.PowerSupply,PrimaryQueries.Storage)] Missing &lt;param name=&quot;fan&quot;/&gt; documentation [C:\Users\Dylan Menchetti\Documents\Spring_2018\Computer_Science\Spring2018\Senioritus\PC-Hawk-Customs\Documentation1\Help\Working\BuildTopics.proj]
BuildAssembler : warning : ShowMissingComponent: [M:PrimaryQueries.Computer.#ctor(System.String,PrimaryQueries.Case,PrimaryQueries.CPU,PrimaryQueries.Fan,PrimaryQueries.GraphicsCard,PrimaryQueries.Memory,PrimaryQueries.MOBO,PrimaryQueries.PowerSupply,PrimaryQueries.Storage)] Missing &lt;param name=&quot;gCard&quot;/&gt; documentation [C:\Users\Dylan Menchetti\Documents\Spring_2018\Computer_Science\Spring2018\Senioritus\PC-Hawk-Customs\Documentation1\Help\Working\BuildTopics.proj]
BuildAssembler : warning : ShowMissingComponent: [M:PrimaryQueries.Computer.#ctor(System.String,PrimaryQueries.Case,PrimaryQueries.CPU,PrimaryQueries.Fan,PrimaryQueries.GraphicsCard,PrimaryQueries.Memory,PrimaryQueries.MOBO,PrimaryQueries.PowerSupply,PrimaryQueries.Storage)] Missing &lt;param name=&quot;memory&quot;/&gt; documentation [C:\Users\Dylan Menchetti\Documents\Spring_2018\Computer_Science\Spring2018\Senioritus\PC-Hawk-Customs\Documentation1\Help\Working\BuildTopics.proj]
BuildAssembler : warning : ShowMissingComponent: [M:PrimaryQueries.Computer.#ctor(System.String,PrimaryQueries.Case,PrimaryQueries.CPU,PrimaryQueries.Fan,PrimaryQueries.GraphicsCard,PrimaryQueries.Memory,PrimaryQueries.MOBO,PrimaryQueries.PowerSupply,PrimaryQueries.Storage)] Missing &lt;param name=&quot;mBoard&quot;/&gt; documentation [C:\Users\Dylan Menchetti\Documents\Spring_2018\Computer_Science\Spring2018\Senioritus\PC-Hawk-Customs\Documentation1\Help\Working\BuildTopics.proj]
BuildAssembler : warning : ShowMissingComponent: [M:PrimaryQueries.Computer.#ctor(System.String,PrimaryQueries.Case,PrimaryQueries.CPU,PrimaryQueries.Fan,PrimaryQueries.GraphicsCard,PrimaryQueries.Memory,PrimaryQueries.MOBO,PrimaryQueries.PowerSupply,PrimaryQueries.Storage)] Missing &lt;param name=&quot;power&quot;/&gt; documentation [C:\Users\Dylan Menchetti\Documents\Spring_2018\Computer_Science\Spring2018\Senioritus\PC-Hawk-Customs\Documentation1\Help\Working\BuildTopics.proj]
BuildAssembler : warning : ShowMissingComponent: [M:PrimaryQueries.Computer.#ctor(System.String,PrimaryQueries.Case,PrimaryQueries.CPU,PrimaryQueries.Fan,PrimaryQueries.GraphicsCard,PrimaryQueries.Memory,PrimaryQueries.MOBO,PrimaryQueries.PowerSupply,PrimaryQueries.Storage)] Missing &lt;param name=&quot;storage&quot;/&gt; documentation [C:\Users\Dylan Menchetti\Documents\Spring_2018\Computer_Science\Spring2018\Senioritus\PC-Hawk-Customs\Documentation1\Help\Working\BuildTopics.proj]
BuildAssembler : warning : ShowMissingComponent: [M:PrimaryQueries.Computer.AddPart(PrimaryQueries.Part)] Missing &lt;summary&gt; documentation [C:\Users\Dylan Menchetti\Documents\Spring_2018\Computer_Science\Spring2018\Senioritus\PC-Hawk-Customs\Documentation1\Help\Working\BuildTopics.proj]
BuildAssembler : warning : ShowMissingComponent: [M:PrimaryQueries.Computer.AddPart(PrimaryQueries.Part)] Missing &lt;param name=&quot;p&quot;/&gt; documentation [C:\Users\Dylan Menchetti\Documents\Spring_2018\Computer_Science\Spring2018\Senioritus\PC-Hawk-Customs\Documentation1\Help\Working\BuildTopics.proj]
BuildAssembler : warning : ShowMissingComponent: [M:PrimaryQueries.Computer.CalcPrice] Missing &lt;summary&gt; documentation [C:\Users\Dylan Menchetti\Documents\Spring_2018\Computer_Science\Spring2018\Senioritus\PC-Hawk-Customs\Documentation1\Help\Working\BuildTopics.proj]
BuildAssembler : warning : ShowMissingComponent: [M:PrimaryQueries.Computer.CalcPrice] Missing &lt;returns&gt; documentation [C:\Users\Dylan Menchetti\Documents\Spring_2018\Computer_Science\Spring2018\Senioritus\PC-Hawk-Customs\Documentation1\Help\Working\BuildTopics.proj]
BuildAssembler : warning : ShowMissingComponent: [P:PrimaryQueries.Computer.cpu] Missing &lt;summary&gt; documentation [C:\Users\Dylan Menchetti\Documents\Spring_2018\Computer_Science\Spring2018\Senioritus\PC-Hawk-Customs\Documentation1\Help\Working\BuildTopics.proj]
BuildAssembler : warning : ShowMissingComponent: [P:PrimaryQueries.Computer.fan] Missing &lt;summary&gt; documentation [C:\Users\Dylan Menchetti\Documents\Spring_2018\Computer_Science\Spring2018\Senioritus\PC-Hawk-Customs\Documentation1\Help\Working\BuildTopics.proj]
BuildAssembler : warning : ShowMissingComponent: [P:PrimaryQueries.Computer.gCard] Missing &lt;summary&gt; documentation [C:\Users\Dylan Menchetti\Documents\Spring_2018\Computer_Science\Spring2018\Senioritus\PC-Hawk-Customs\Documentation1\Help\Working\BuildTopics.proj]
BuildAssembler : warning : ShowMissingComponent: [M:PrimaryQueries.Computer.Get(System.Int32)] Missing &lt;summary&gt; documentation [C:\Users\Dylan Menchetti\Documents\Spring_2018\Computer_Science\Spring2018\Senioritus\PC-Hawk-Customs\Documentation1\Help\Working\BuildTopics.proj]
BuildAssembler : warning : ShowMissingComponent: [M:PrimaryQueries.Computer.Get(System.Int32)] Missing &lt;returns&gt; documentation [C:\Users\Dylan Menchetti\Documents\Spring_2018\Computer_Science\Spring2018\Senioritus\PC-Hawk-Customs\Documentation1\Help\Working\BuildTopics.proj]
BuildAssembler : warning : ShowMissingComponent: [M:PrimaryQueries.Computer.Get(System.Int32)] Missing &lt;param name=&quot;serialNumber&quot;/&gt; documentation [C:\Users\Dylan Menchetti\Documents\Spring_2018\Computer_Science\Spring2018\Senioritus\PC-Hawk-Customs\Documentation1\Help\Working\BuildTopics.proj]
BuildAssembler : warning : ShowMissingComponent: [M:PrimaryQueries.Computer.GetAttributes] Missing &lt;summary&gt; documentation [C:\Users\Dylan Menchetti\Documents\Spring_2018\Computer_Science\Spring2018\Senioritus\PC-Hawk-Customs\Documentation1\Help\Working\BuildTopics.proj]
BuildAssembler : warning : ShowMissingComponent: [M:PrimaryQueries.Computer.GetAttributes] Missing &lt;returns&gt; documentation [C:\Users\Dylan Menchetti\Documents\Spring_2018\Computer_Science\Spring2018\Senioritus\PC-Hawk-Customs\Documentation1\Help\Working\BuildTopics.proj]
BuildAssembler : warning : ShowMissingComponent: [M:PrimaryQueries.Computer.GetFromQuery(System.String)] Missing &lt;summary&gt; documentation [C:\Users\Dylan Menchetti\Documents\Spring_2018\Computer_Science\Spring2018\Senioritus\PC-Hawk-Customs\Documentation1\Help\Working\BuildTopics.proj]
BuildAssembler : warning : ShowMissingComponent: [M:PrimaryQueries.Computer.GetFromQuery(System.String)] Missing &lt;returns&gt; documentation [C:\Users\Dylan Menchetti\Documents\Spring_2018\Computer_Science\Spring2018\Senioritus\PC-Hawk-Customs\Documentation1\Help\Working\BuildTopics.proj]
BuildAssembler : warning : ShowMissingComponent: [M:PrimaryQueries.Computer.GetFromQuery(System.String)] Missing &lt;param name=&quot;result&quot;/&gt; documentation [C:\Users\Dylan Menchetti\Documents\Spring_2018\Computer_Science\Spring2018\Senioritus\PC-Hawk-Customs\Documentation1\Help\Working\BuildTopics.proj]
BuildAssembler : warning : ShowMissingComponent: [P:PrimaryQueries.Computer.mBoard] Missing &lt;summary&gt; documentation [C:\Users\Dylan Menchetti\Documents\Spring_2018\Computer_Science\Spring2018\Senioritus\PC-Hawk-Customs\Documentation1\Help\Working\BuildTopics.proj]
BuildAssembler : warning : ShowMissingComponent: [P:PrimaryQueries.Computer.memory] Missing &lt;summary&gt; documentation [C:\Users\Dylan Menchetti\Documents\Spring_2018\Computer_Science\Spring2018\Senioritus\PC-Hawk-Customs\Documentation1\Help\Working\BuildTopics.proj]
BuildAssembler : warning : ShowMissingComponent: [P:PrimaryQueries.Computer.name] Missing &lt;summary&gt; documentation [C:\Users\Dylan Menchetti\Documents\Spring_2018\Computer_Science\Spring2018\Senioritus\PC-Hawk-Customs\Documentation1\Help\Working\BuildTopics.proj]
BuildAssembler : warning : ShowMissingComponent: [P:PrimaryQueries.Computer.pcCase] Missing &lt;summary&gt; documentation [C:\Users\Dylan Menchetti\Documents\Spring_2018\Computer_Science\Spring2018\Senioritus\PC-Hawk-Customs\Documentation1\Help\Working\BuildTopics.proj]
BuildAssembler : warning : ShowMissingComponent: [P:PrimaryQueries.Computer.power] Missing &lt;summary&gt; documentation [C:\Users\Dylan Menchetti\Documents\Spring_2018\Computer_Science\Spring2018\Senioritus\PC-Hawk-Customs\Documentation1\Help\Working\BuildTopics.proj]
BuildAssembler : warning : ShowMissingComponent: [P:PrimaryQueries.Computer.price] Missing &lt;summary&gt; documentation [C:\Users\Dylan Menchetti\Documents\Spring_2018\Computer_Science\Spring2018\Senioritus\PC-Hawk-Customs\Documentation1\Help\Working\BuildTopics.proj]
BuildAssembler : warning : ShowMissingComponent: [P:PrimaryQueries.Computer.serialNumber] Missing &lt;summary&gt; documentation [C:\Users\Dylan Menchetti\Documents\Spring_2018\Computer_Science\Spring2018\Senioritus\PC-Hawk-Customs\Documentation1\Help\Working\BuildTopics.proj]
BuildAssembler : warning : ShowMissingComponent: [P:PrimaryQueries.Computer.storage] Missing &lt;summary&gt; documentation [C:\Users\Dylan Menchetti\Documents\Spring_2018\Computer_Science\Spring2018\Senioritus\PC-Hawk-Customs\Documentation1\Help\Working\BuildTopics.proj]
BuildAssembler : warning : ShowMissingComponent: [M:PrimaryQueries.CPU.#ctor(System.Int32,System.String,System.Double,System.Double,System.Int32,System.Int32)] Missing &lt;param name=&quot;partNumber&quot;/&gt; documentation [C:\Users\Dylan Menchetti\Documents\Spring_2018\Computer_Science\Spring2018\Senioritus\PC-Hawk-Customs\Documentation1\Help\Working\BuildTopics.proj]
BuildAssembler : warning : ShowMissingComponent: [M:PrimaryQueries.CPU.#ctor(System.Int32,System.String,System.Double,System.Double,System.Int32,System.Int32)] Missing &lt;param name=&quot;name&quot;/&gt; documentation [C:\Users\Dylan Menchetti\Documents\Spring_2018\Computer_Science\Spring2018\Senioritus\PC-Hawk-Customs\Documentation1\Help\Working\BuildTopics.proj]
BuildAssembler : warning : ShowMissingComponent: [M:PrimaryQueries.CPU.#ctor(System.Int32,System.String,System.Double,System.Double,System.Int32,System.Int32)] Missing &lt;param name=&quot;price&quot;/&gt; documentation [C:\Users\Dylan Menchetti\Documents\Spring_2018\Computer_Science\Spring2018\Senioritus\PC-Hawk-Customs\Documentation1\Help\Working\BuildTopics.proj]
BuildAssembler : warning : ShowMissingComponent: [M:PrimaryQueries.CPU.#ctor(System.Int32,System.String,System.Double,System.Double,System.Int32,System.Int32)] Missing &lt;param name=&quot;speed&quot;/&gt; documentation [C:\Users\Dylan Menchetti\Documents\Spring_2018\Computer_Science\Spring2018\Senioritus\PC-Hawk-Customs\Documentation1\Help\Working\BuildTopics.proj]
BuildAssembler : warning : ShowMissingComponent: [M:PrimaryQueries.CPU.#ctor(System.Int32,System.String,System.Double,System.Double,System.Int32,System.Int32)] Missing &lt;param name=&quot;cores&quot;/&gt; documentation [C:\Users\Dylan Menchetti\Documents\Spring_2018\Computer_Science\Spring2018\Senioritus\PC-Hawk-Customs\Documentation1\Help\Working\BuildTopics.proj]
BuildAssembler : warning : ShowMissingComponent: [M:PrimaryQueries.CPU.#ctor(System.Int32,System.String,System.Double,System.Double,System.Int32,System.Int32)] Missing &lt;param name=&quot;tdp&quot;/&gt; documentation [C:\Users\Dylan Menchetti\Documents\Spring_2018\Computer_Science\Spring2018\Senioritus\PC-Hawk-Customs\Documentation1\Help\Working\BuildTopics.proj]
BuildAssembler : warning : ShowMissingComponent: [P:PrimaryQueries.CPU.cores] Missing &lt;summary&gt; documentation [C:\Users\Dylan Menchetti\Documents\Spring_2018\Computer_Science\Spring2018\Senioritus\PC-Hawk-Customs\Documentation1\Help\Working\BuildTopics.proj]
BuildAssembler : warning : ShowMissingComponent: [M:PrimaryQueries.CPU.Get(System.Int32)] Missing &lt;returns&gt; documentation [C:\Users\Dylan Menchetti\Documents\Spring_2018\Computer_Science\Spring2018\Senioritus\PC-Hawk-Customs\Documentation1\Help\Working\BuildTopics.proj]
BuildAssembler : warning : ShowMissingComponent: [M:PrimaryQueries.CPU.Get(System.Int32)] Missing &lt;param name=&quot;partNumber&quot;/&gt; documentation [C:\Users\Dylan Menchetti\Documents\Spring_2018\Computer_Science\Spring2018\Senioritus\PC-Hawk-Customs\Documentation1\Help\Working\BuildTopics.proj]
BuildAssembler : warning : ShowMissingComponent: [M:PrimaryQueries.CPU.GetAll] Missing &lt;returns&gt; documentation [C:\Users\Dylan Menchetti\Documents\Spring_2018\Computer_Science\Spring2018\Senioritus\PC-Hawk-Customs\Documentation1\Help\Working\BuildTopics.proj]
BuildAssembler : warning : ShowMissingComponent: [M:PrimaryQueries.CPU.GetAttributes] Missing &lt;summary&gt; documentation [C:\Users\Dylan Menchetti\Documents\Spring_2018\Computer_Science\Spring2018\Senioritus\PC-Hawk-Customs\Documentation1\Help\Working\BuildTopics.proj]
BuildAssembler : warning : ShowMissingComponent: [M:PrimaryQueries.CPU.GetAttributes] Missing &lt;returns&gt; documentation [C:\Users\Dylan Menchetti\Documents\Spring_2018\Computer_Science\Spring2018\Senioritus\PC-Hawk-Customs\Documentation1\Help\Working\BuildTopics.proj]
BuildAssembler : warning : ShowMissingComponent: [M:PrimaryQueries.CPU.GetFromQuery(System.String)] Missing &lt;returns&gt; documentation [C:\Users\Dylan Menchetti\Documents\Spring_2018\Computer_Science\Spring2018\Senioritus\PC-Hawk-Customs\Documentation1\Help\Working\BuildTopics.proj]
BuildAssembler : warning : ShowMissingComponent: [M:PrimaryQueries.CPU.GetFromQuery(System.String)] Missing &lt;param name=&quot;query&quot;/&gt; documentation [C:\Users\Dylan Menchetti\Documents\Spring_2018\Computer_Science\Spring2018\Senioritus\PC-Hawk-Customs\Documentation1\Help\Working\BuildTopics.proj]
BuildAssembler : warning : ShowMissingComponent: [P:PrimaryQueries.CPU.speed] Missing &lt;summary&gt; documentation [C:\Users\Dylan Menchetti\Documents\Spring_2018\Computer_Science\Spring2018\Senioritus\PC-Hawk-Customs\Documentation1\Help\Working\BuildTopics.proj]
BuildAssembler : warning : ShowMissingComponent: [P:PrimaryQueries.CPU.tdp] Missing &lt;summary&gt; documentation [C:\Users\Dylan Menchetti\Documents\Spring_2018\Computer_Science\Spring2018\Senioritus\PC-Hawk-Customs\Documentation1\Help\Working\BuildTopics.proj]
BuildAssembler : warning : ShowMissingComponent: [M:PrimaryQueries.Customer.ChangeAddress(System.String,System.String,System.String,System.Int32)] Missing &lt;summary&gt; documentation [C:\Users\Dylan Menchetti\Documents\Spring_2018\Computer_Science\Spring2018\Senioritus\PC-Hawk-Customs\Documentation1\Help\Working\BuildTopics.proj]
BuildAssembler : warning : ShowMissingComponent: [M:PrimaryQueries.Customer.ChangeAddress(System.String,System.String,System.String,System.Int32)] Missing &lt;param name=&quot;newStreetAddress&quot;/&gt; documentation [C:\Users\Dylan Menchetti\Documents\Spring_2018\Computer_Science\Spring2018\Senioritus\PC-Hawk-Customs\Documentation1\Help\Working\BuildTopics.proj]
BuildAssembler : warning : ShowMissingComponent: [M:PrimaryQueries.Customer.ChangeAddress(System.String,System.String,System.String,System.Int32)] Missing &lt;param name=&quot;newCity&quot;/&gt; documentation [C:\Users\Dylan Menchetti\Documents\Spring_2018\Computer_Science\Spring2018\Senioritus\PC-Hawk-Customs\Documentation1\Help\Working\BuildTopics.proj]
BuildAssembler : warning : ShowMissingComponent: [M:PrimaryQueries.Customer.ChangeAddress(System.String,System.String,System.String,System.Int32)] Missing &lt;param name=&quot;newState&quot;/&gt; documentation [C:\Users\Dylan Menchetti\Documents\Spring_2018\Computer_Science\Spring2018\Senioritus\PC-Hawk-Customs\Documentation1\Help\Working\BuildTopics.proj]
BuildAssembler : warning : ShowMissingComponent: [M:PrimaryQueries.Customer.ChangeAddress(System.String,System.String,System.String,System.Int32)] Missing &lt;param name=&quot;newZipcode&quot;/&gt; documentation [C:\Users\Dylan Menchetti\Documents\Spring_2018\Computer_Science\Spring2018\Senioritus\PC-Hawk-Customs\Documentation1\Help\Working\BuildTopics.proj]
BuildAssembler : warning : ShowMissingComponent: [P:PrimaryQueries.Customer.city] Missing &lt;summary&gt; documentation [C:\Users\Dylan Menchetti\Documents\Spring_2018\Computer_Science\Spring2018\Senioritus\PC-Hawk-Customs\Documentation1\Help\Working\BuildTopics.proj]
BuildAssembler : warning : ShowMissingComponent: [P:PrimaryQueries.Customer.state] Missing &lt;summary&gt; documentation [C:\Users\Dylan Menchetti\Documents\Spring_2018\Computer_Science\Spring2018\Senioritus\PC-Hawk-Customs\Documentation1\Help\Working\BuildTopics.proj]
BuildAssembler : warning : ShowMissingComponent: [P:PrimaryQueries.Customer.streetAddress] Missing &lt;summary&gt; documentation [C:\Users\Dylan Menchetti\Documents\Spring_2018\Computer_Science\Spring2018\Senioritus\PC-Hawk-Customs\Documentation1\Help\Working\BuildTopics.proj]
BuildAssembler : warning : ShowMissingComponent: [P:PrimaryQueries.Customer.zipcode] Missing &lt;summary&gt; documentation [C:\Users\Dylan Menchetti\Documents\Spring_2018\Computer_Science\Spring2018\Senioritus\PC-Hawk-Customs\Documentation1\Help\Working\BuildTopics.proj]
BuildAssembler : warning : ShowMissingComponent: [T:PrimaryQueries.Fan] Missing &lt;summary&gt; documentation [C:\Users\Dylan Menchetti\Documents\Spring_2018\Computer_Science\Spring2018\Senioritus\PC-Hawk-Customs\Documentation1\Help\Working\BuildTopics.proj]
BuildAssembler : warning : ShowMissingComponent: [M:PrimaryQueries.Fan.#ctor(System.Int32,System.String,System.Double,System.Int32,System.Double)] Missing &lt;param name=&quot;partNumber&quot;/&gt; documentation [C:\Users\Dylan Menchetti\Documents\Spring_2018\Computer_Science\Spring2018\Senioritus\PC-Hawk-Customs\Documentation1\Help\Working\BuildTopics.proj]
BuildAssembler : warning : ShowMissingComponent: [M:PrimaryQueries.Fan.#ctor(System.Int32,System.String,System.Double,System.Int32,System.Double)] Missing &lt;param name=&quot;name&quot;/&gt; documentation [C:\Users\Dylan Menchetti\Documents\Spring_2018\Computer_Science\Spring2018\Senioritus\PC-Hawk-Customs\Documentation1\Help\Working\BuildTopics.proj]
BuildAssembler : warning : ShowMissingComponent: [M:PrimaryQueries.Fan.#ctor(System.Int32,System.String,System.Double,System.Int32,System.Double)] Missing &lt;param name=&quot;price&quot;/&gt; documentation [C:\Users\Dylan Menchetti\Documents\Spring_2018\Computer_Science\Spring2018\Senioritus\PC-Hawk-Customs\Documentation1\Help\Working\BuildTopics.proj]
BuildAssembler : warning : ShowMissingComponent: [M:PrimaryQueries.Fan.#ctor(System.Int32,System.String,System.Double,System.Int32,System.Double)] Missing &lt;param name=&quot;rpm&quot;/&gt; documentation [C:\Users\Dylan Menchetti\Documents\Spring_2018\Computer_Science\Spring2018\Senioritus\PC-Hawk-Customs\Documentation1\Help\Working\BuildTopics.proj]
BuildAssembler : warning : ShowMissingComponent: [M:PrimaryQueries.Fan.#ctor(System.Int32,System.String,System.Double,System.Int32,System.Double)] Missing &lt;param name=&quot;nl&quot;/&gt; documentation [C:\Users\Dylan Menchetti\Documents\Spring_2018\Computer_Science\Spring2018\Senioritus\PC-Hawk-Customs\Documentation1\Help\Working\BuildTopics.proj]
BuildAssembler : warning : ShowMissingComponent: [M:PrimaryQueries.Fan.Get(System.Int32)] Missing &lt;returns&gt; documentation [C:\Users\Dylan Menchetti\Documents\Spring_2018\Computer_Science\Spring2018\Senioritus\PC-Hawk-Customs\Documentation1\Help\Working\BuildTopics.proj]
BuildAssembler : warning : ShowMissingComponent: [M:PrimaryQueries.Fan.Get(System.Int32)] Missing &lt;param name=&quot;partNumber&quot;/&gt; documentation [C:\Users\Dylan Menchetti\Documents\Spring_2018\Computer_Science\Spring2018\Senioritus\PC-Hawk-Customs\Documentation1\Help\Working\BuildTopics.proj]
BuildAssembler : warning : ShowMissingComponent: [M:PrimaryQueries.Fan.GetAll] Missing &lt;returns&gt; documentation [C:\Users\Dylan Menchetti\Documents\Spring_2018\Computer_Science\Spring2018\Senioritus\PC-Hawk-Customs\Documentation1\Help\Working\BuildTopics.proj]
BuildAssembler : warning : ShowMissingComponent: [M:PrimaryQueries.Fan.GetAttributes] Missing &lt;summary&gt; documentation [C:\Users\Dylan Menchetti\Documents\Spring_2018\Computer_Science\Spring2018\Senioritus\PC-Hawk-Customs\Documentation1\Help\Working\BuildTopics.proj]
BuildAssembler : warning : ShowMissingComponent: [M:PrimaryQueries.Fan.GetAttributes] Missing &lt;returns&gt; documentation [C:\Users\Dylan Menchetti\Documents\Spring_2018\Computer_Science\Spring2018\Senioritus\PC-Hawk-Customs\Documentation1\Help\Working\BuildTopics.proj]
BuildAssembler : warning : ShowMissingComponent: [M:PrimaryQueries.Fan.GetFromQuery(System.String)] Missing &lt;returns&gt; documentation [C:\Users\Dylan Menchetti\Documents\Spring_2018\Computer_Science\Spring2018\Senioritus\PC-Hawk-Customs\Documentation1\Help\Working\BuildTopics.proj]
BuildAssembler : warning : ShowMissingComponent: [M:PrimaryQueries.Fan.GetFromQuery(System.String)] Missing &lt;param name=&quot;query&quot;/&gt; documentation [C:\Users\Dylan Menchetti\Documents\Spring_2018\Computer_Science\Spring2018\Senioritus\PC-Hawk-Customs\Documentation1\Help\Working\BuildTopics.proj]
BuildAssembler : warning : ShowMissingComponent: [P:PrimaryQueries.Fan.nl] Missing &lt;summary&gt; documentation [C:\Users\Dylan Menchetti\Documents\Spring_2018\Computer_Science\Spring2018\Senioritus\PC-Hawk-Customs\Documentation1\Help\Working\BuildTopics.proj]
BuildAssembler : warning : ShowMissingComponent: [P:PrimaryQueries.Fan.rpm] Missing &lt;summary&gt; documentation [C:\Users\Dylan Menchetti\Documents\Spring_2018\Computer_Science\Spring2018\Senioritus\PC-Hawk-Customs\Documentation1\Help\Working\BuildTopics.proj]
BuildAssembler : warning : ShowMissingComponent: [P:PrimaryQueries.GraphicsCard.chipSet] Missing &lt;summary&gt; documentation [C:\Users\Dylan Menchetti\Documents\Spring_2018\Computer_Science\Spring2018\Senioritus\PC-Hawk-Customs\Documentation1\Help\Working\BuildTopics.proj]
BuildAssembler : warning : ShowMissingComponent: [P:PrimaryQueries.GraphicsCard.coreClock] Missing &lt;summary&gt; documentation [C:\Users\Dylan Menchetti\Documents\Spring_2018\Computer_Science\Spring2018\Senioritus\PC-Hawk-Customs\Documentation1\Help\Working\BuildTopics.proj]
BuildAssembler : warning : ShowMissingComponent: [M:PrimaryQueries.GraphicsCard.GetAttributes] Missing &lt;summary&gt; documentation [C:\Users\Dylan Menchetti\Documents\Spring_2018\Computer_Science\Spring2018\Senioritus\PC-Hawk-Customs\Documentation1\Help\Working\BuildTopics.proj]
BuildAssembler : warning : ShowMissingComponent: [M:PrimaryQueries.GraphicsCard.GetAttributes] Missing &lt;returns&gt; documentation [C:\Users\Dylan Menchetti\Documents\Spring_2018\Computer_Science\Spring2018\Senioritus\PC-Hawk-Customs\Documentation1\Help\Working\BuildTopics.proj]
BuildAssembler : warning : ShowMissingComponent: [P:PrimaryQueries.GraphicsCard.memory] Missing &lt;summary&gt; documentation [C:\Users\Dylan Menchetti\Documents\Spring_2018\Computer_Science\Spring2018\Senioritus\PC-Hawk-Customs\Documentation1\Help\Working\BuildTopics.proj]
BuildAssembler : warning : ShowMissingComponent: [P:PrimaryQueries.GraphicsCard.series] Missing &lt;summary&gt; documentation [C:\Users\Dylan Menchetti\Documents\Spring_2018\Computer_Science\Spring2018\Senioritus\PC-Hawk-Customs\Documentation1\Help\Working\BuildTopics.proj]
BuildAssembler : warning : ShowMissingComponent: [T:PrimaryQueries.Memory] Missing &lt;summary&gt; documentation [C:\Users\Dylan Menchetti\Documents\Spring_2018\Computer_Science\Spring2018\Senioritus\PC-Hawk-Customs\Documentation1\Help\Working\BuildTopics.proj]
BuildAssembler : warning : ShowMissingComponent: [M:PrimaryQueries.Memory.#ctor(System.Int32,System.String,System.Double,System.String,System.String,System.String,System.String,System.String)] Missing &lt;param name=&quot;partNumber&quot;/&gt; documentation [C:\Users\Dylan Menchetti\Documents\Spring_2018\Computer_Science\Spring2018\Senioritus\PC-Hawk-Customs\Documentation1\Help\Working\BuildTopics.proj]
BuildAssembler : warning : ShowMissingComponent: [M:PrimaryQueries.Memory.#ctor(System.Int32,System.String,System.Double,System.String,System.String,System.String,System.String,System.String)] Missing &lt;param name=&quot;name&quot;/&gt; documentation [C:\Users\Dylan Menchetti\Documents\Spring_2018\Computer_Science\Spring2018\Senioritus\PC-Hawk-Customs\Documentation1\Help\Working\BuildTopics.proj]
BuildAssembler : warning : ShowMissingComponent: [M:PrimaryQueries.Memory.#ctor(System.Int32,System.String,System.Double,System.String,System.String,System.String,System.String,System.String)] Missing &lt;param name=&quot;price&quot;/&gt; documentation [C:\Users\Dylan Menchetti\Documents\Spring_2018\Computer_Science\Spring2018\Senioritus\PC-Hawk-Customs\Documentation1\Help\Working\BuildTopics.proj]
BuildAssembler : warning : ShowMissingComponent: [M:PrimaryQueries.Memory.#ctor(System.Int32,System.String,System.Double,System.String,System.String,System.String,System.String,System.String)] Missing &lt;param name=&quot;speed&quot;/&gt; documentation [C:\Users\Dylan Menchetti\Documents\Spring_2018\Computer_Science\Spring2018\Senioritus\PC-Hawk-Customs\Documentation1\Help\Working\BuildTopics.proj]
BuildAssembler : warning : ShowMissingComponent: [M:PrimaryQueries.Memory.#ctor(System.Int32,System.String,System.Double,System.String,System.String,System.String,System.String,System.String)] Missing &lt;param name=&quot;type&quot;/&gt; documentation [C:\Users\Dylan Menchetti\Documents\Spring_2018\Computer_Science\Spring2018\Senioritus\PC-Hawk-Customs\Documentation1\Help\Working\BuildTopics.proj]
BuildAssembler : warning : ShowMissingComponent: [M:PrimaryQueries.Memory.#ctor(System.Int32,System.String,System.Double,System.String,System.String,System.String,System.String,System.String)] Missing &lt;param name=&quot;cas&quot;/&gt; documentation [C:\Users\Dylan Menchetti\Documents\Spring_2018\Computer_Science\Spring2018\Senioritus\PC-Hawk-Customs\Documentation1\Help\Working\BuildTopics.proj]
BuildAssembler : warning : ShowMissingComponent: [M:PrimaryQueries.Memory.#ctor(System.Int32,System.String,System.Double,System.String,System.String,System.String,System.String,System.String)] Missing &lt;param name=&quot;modules&quot;/&gt; documentation [C:\Users\Dylan Menchetti\Documents\Spring_2018\Computer_Science\Spring2018\Senioritus\PC-Hawk-Customs\Documentation1\Help\Working\BuildTopics.proj]
BuildAssembler : warning : ShowMissingComponent: [M:PrimaryQueries.Memory.#ctor(System.Int32,System.String,System.Double,System.String,System.String,System.String,System.String,System.String)] Missing &lt;param name=&quot;size&quot;/&gt; documentation [C:\Users\Dylan Menchetti\Documents\Spring_2018\Computer_Science\Spring2018\Senioritus\PC-Hawk-Customs\Documentation1\Help\Working\BuildTopics.proj]
BuildAssembler : warning : ShowMissingComponent: [M:PrimaryQueries.Memory.Get(System.Int32)] Missing &lt;returns&gt; documentation [C:\Users\Dylan Menchetti\Documents\Spring_2018\Computer_Science\Spring2018\Senioritus\PC-Hawk-Customs\Documentation1\Help\Working\BuildTopics.proj]
BuildAssembler : warning : ShowMissingComponent: [M:PrimaryQueries.Memory.Get(System.Int32)] Missing &lt;param name=&quot;partNumber&quot;/&gt; documentation [C:\Users\Dylan Menchetti\Documents\Spring_2018\Computer_Science\Spring2018\Senioritus\PC-Hawk-Customs\Documentation1\Help\Working\BuildTopics.proj]
BuildAssembler : warning : ShowMissingComponent: [M:PrimaryQueries.Memory.GetAll] Missing &lt;returns&gt; documentation [C:\Users\Dylan Menchetti\Documents\Spring_2018\Computer_Science\Spring2018\Senioritus\PC-Hawk-Customs\Documentation1\Help\Working\BuildTopics.proj]
BuildAssembler : warning : ShowMissingComponent: [M:PrimaryQueries.Memory.GetAttributes] Missing &lt;summary&gt; documentation [C:\Users\Dylan Menchetti\Documents\Spring_2018\Computer_Science\Spring2018\Senioritus\PC-Hawk-Customs\Documentation1\Help\Working\BuildTopics.proj]
BuildAssembler : warning : ShowMissingComponent: [M:PrimaryQueries.Memory.GetAttributes] Missing &lt;returns&gt; documentation [C:\Users\Dylan Menchetti\Documents\Spring_2018\Computer_Science\Spring2018\Senioritus\PC-Hawk-Customs\Documentation1\Help\Working\BuildTopics.proj]
BuildAssembler : warning : ShowMissingComponent: [M:PrimaryQueries.Memory.GetFromQuery(System.String)] Missing &lt;returns&gt; documentation [C:\Users\Dylan Menchetti\Documents\Spring_2018\Computer_Science\Spring2018\Senioritus\PC-Hawk-Customs\Documentation1\Help\Working\BuildTopics.proj]
BuildAssembler : warning : ShowMissingComponent: [M:PrimaryQueries.Memory.GetFromQuery(System.String)] Missing &lt;param name=&quot;query&quot;/&gt; documentation [C:\Users\Dylan Menchetti\Documents\Spring_2018\Computer_Science\Spring2018\Senioritus\PC-Hawk-Customs\Documentation1\Help\Working\BuildTopics.proj]
BuildAssembler : warning : ShowMissingComponent: [T:PrimaryQueries.MOBO] Missing &lt;summary&gt; documentation [C:\Users\Dylan Menchetti\Documents\Spring_2018\Computer_Science\Spring2018\Senioritus\PC-Hawk-Customs\Documentation1\Help\Working\BuildTopics.proj]
BuildAssembler : warning : ShowMissingComponent: [M:PrimaryQueries.MOBO.#ctor(System.Int32,System.String,System.Double,System.String,System.String,System.String,System.Int32)] Missing &lt;param name=&quot;partNumber&quot;/&gt; documentation [C:\Users\Dylan Menchetti\Documents\Spring_2018\Computer_Science\Spring2018\Senioritus\PC-Hawk-Customs\Documentation1\Help\Working\BuildTopics.proj]
BuildAssembler : warning : ShowMissingComponent: [M:PrimaryQueries.MOBO.#ctor(System.Int32,System.String,System.Double,System.String,System.String,System.String,System.Int32)] Missing &lt;param name=&quot;name&quot;/&gt; documentation [C:\Users\Dylan Menchetti\Documents\Spring_2018\Computer_Science\Spring2018\Senioritus\PC-Hawk-Customs\Documentation1\Help\Working\BuildTopics.proj]
BuildAssembler : warning : ShowMissingComponent: [M:PrimaryQueries.MOBO.#ctor(System.Int32,System.String,System.Double,System.String,System.String,System.String,System.Int32)] Missing &lt;param name=&quot;price&quot;/&gt; documentation [C:\Users\Dylan Menchetti\Documents\Spring_2018\Computer_Science\Spring2018\Senioritus\PC-Hawk-Customs\Documentation1\Help\Working\BuildTopics.proj]
BuildAssembler : warning : ShowMissingComponent: [M:PrimaryQueries.MOBO.#ctor(System.Int32,System.String,System.Double,System.String,System.String,System.String,System.Int32)] Missing &lt;param name=&quot;socket&quot;/&gt; documentation [C:\Users\Dylan Menchetti\Documents\Spring_2018\Computer_Science\Spring2018\Senioritus\PC-Hawk-Customs\Documentation1\Help\Working\BuildTopics.proj]
BuildAssembler : warning : ShowMissingComponent: [M:PrimaryQueries.MOBO.#ctor(System.Int32,System.String,System.Double,System.String,System.String,System.String,System.Int32)] Missing &lt;param name=&quot;form&quot;/&gt; documentation [C:\Users\Dylan Menchetti\Documents\Spring_2018\Computer_Science\Spring2018\Senioritus\PC-Hawk-Customs\Documentation1\Help\Working\BuildTopics.proj]
BuildAssembler : warning : ShowMissingComponent: [M:PrimaryQueries.MOBO.#ctor(System.Int32,System.String,System.Double,System.String,System.String,System.String,System.Int32)] Missing &lt;param name=&quot;mRAM&quot;/&gt; documentation [C:\Users\Dylan Menchetti\Documents\Spring_2018\Computer_Science\Spring2018\Senioritus\PC-Hawk-Customs\Documentation1\Help\Working\BuildTopics.proj]
BuildAssembler : warning : ShowMissingComponent: [M:PrimaryQueries.MOBO.#ctor(System.Int32,System.String,System.Double,System.String,System.String,System.String,System.Int32)] Missing &lt;param name=&quot;rAMSlots&quot;/&gt; documentation [C:\Users\Dylan Menchetti\Documents\Spring_2018\Computer_Science\Spring2018\Senioritus\PC-Hawk-Customs\Documentation1\Help\Working\BuildTopics.proj]
BuildAssembler : warning : ShowMissingComponent: [M:PrimaryQueries.MOBO.Get(System.Int32)] Missing &lt;returns&gt; documentation [C:\Users\Dylan Menchetti\Documents\Spring_2018\Computer_Science\Spring2018\Senioritus\PC-Hawk-Customs\Documentation1\Help\Working\BuildTopics.proj]
BuildAssembler : warning : ShowMissingComponent: [M:PrimaryQueries.MOBO.Get(System.Int32)] Missing &lt;param name=&quot;partNumber&quot;/&gt; documentation [C:\Users\Dylan Menchetti\Documents\Spring_2018\Computer_Science\Spring2018\Senioritus\PC-Hawk-Customs\Documentation1\Help\Working\BuildTopics.proj]
BuildAssembler : warning : ShowMissingComponent: [M:PrimaryQueries.MOBO.GetAll] Missing &lt;returns&gt; documentation [C:\Users\Dylan Menchetti\Documents\Spring_2018\Computer_Science\Spring2018\Senioritus\PC-Hawk-Customs\Documentation1\Help\Working\BuildTopics.proj]
BuildAssembler : warning : ShowMissingComponent: [M:PrimaryQueries.MOBO.GetAttributes] Missing &lt;summary&gt; documentation [C:\Users\Dylan Menchetti\Documents\Spring_2018\Computer_Science\Spring2018\Senioritus\PC-Hawk-Customs\Documentation1\Help\Working\BuildTopics.proj]
BuildAssembler : warning : ShowMissingComponent: [M:PrimaryQueries.MOBO.GetAttributes] Missing &lt;returns&gt; documentation [C:\Users\Dylan Menchetti\Documents\Spring_2018\Computer_Science\Spring2018\Senioritus\PC-Hawk-Customs\Documentation1\Help\Working\BuildTopics.proj]
BuildAssembler : warning : ShowMissingComponent: [M:PrimaryQueries.MOBO.GetFromQuery(System.String)] Missing &lt;returns&gt; documentation [C:\Users\Dylan Menchetti\Documents\Spring_2018\Computer_Science\Spring2018\Senioritus\PC-Hawk-Customs\Documentation1\Help\Working\BuildTopics.proj]
BuildAssembler : warning : ShowMissingComponent: [M:PrimaryQueries.MOBO.GetFromQuery(System.String)] Missing &lt;param name=&quot;query&quot;/&gt; documentation [C:\Users\Dylan Menchetti\Documents\Spring_2018\Computer_Science\Spring2018\Senioritus\PC-Hawk-Customs\Documentation1\Help\Working\BuildTopics.proj]
BuildAssembler : warning : ShowMissingComponent: [M:PrimaryQueries.Order.#ctor(PrimaryQueries.Computer,PrimaryQueries.Employee,PrimaryQueries.Customer)] Missing &lt;param name=&quot;computer&quot;/&gt; documentation [C:\Users\Dylan Menchetti\Documents\Spring_2018\Computer_Science\Spring2018\Senioritus\PC-Hawk-Customs\Documentation1\Help\Working\BuildTopics.proj]
BuildAssembler : warning : ShowMissingComponent: [M:PrimaryQueries.Part.GetAttributes] Missing &lt;returns&gt; documentation [C:\Users\Dylan Menchetti\Documents\Spring_2018\Computer_Science\Spring2018\Senioritus\PC-Hawk-Customs\Documentation1\Help\Working\BuildTopics.proj]
BuildAssembler : warning : ShowMissingComponent: [M:PrimaryQueries.Person.CheckCredentials(System.String,System.String)] Missing &lt;returns&gt; documentation [C:\Users\Dylan Menchetti\Documents\Spring_2018\Computer_Science\Spring2018\Senioritus\PC-Hawk-Customs\Documentation1\Help\Working\BuildTopics.proj]
BuildAssembler : warning : ShowMissingComponent: [M:PrimaryQueries.Person.CheckPassword(System.String)] Missing &lt;returns&gt; documentation [C:\Users\Dylan Menchetti\Documents\Spring_2018\Computer_Science\Spring2018\Senioritus\PC-Hawk-Customs\Documentation1\Help\Working\BuildTopics.proj]
BuildAssembler : warning : ShowMissingComponent: [M:PrimaryQueries.Person.EncryptPassword(System.String)] Missing &lt;returns&gt; documentation [C:\Users\Dylan Menchetti\Documents\Spring_2018\Computer_Science\Spring2018\Senioritus\PC-Hawk-Customs\Documentation1\Help\Working\BuildTopics.proj]
BuildAssembler : warning : ShowMissingComponent: [M:PrimaryQueries.Person.GetOrders] Missing &lt;returns&gt; documentation [C:\Users\Dylan Menchetti\Documents\Spring_2018\Computer_Science\Spring2018\Senioritus\PC-Hawk-Customs\Documentation1\Help\Working\BuildTopics.proj]
BuildAssembler : warning : ShowMissingComponent: [P:PrimaryQueries.Person.lastName] Missing &lt;summary&gt; documentation [C:\Users\Dylan Menchetti\Documents\Spring_2018\Computer_Science\Spring2018\Senioritus\PC-Hawk-Customs\Documentation1\Help\Working\BuildTopics.proj]
BuildAssembler : warning : ShowMissingComponent: [P:PrimaryQueries.PowerSupply.efficiency] Missing &lt;summary&gt; documentation [C:\Users\Dylan Menchetti\Documents\Spring_2018\Computer_Science\Spring2018\Senioritus\PC-Hawk-Customs\Documentation1\Help\Working\BuildTopics.proj]
BuildAssembler : warning : ShowMissingComponent: [P:PrimaryQueries.PowerSupply.form] Missing &lt;summary&gt; documentation [C:\Users\Dylan Menchetti\Documents\Spring_2018\Computer_Science\Spring2018\Senioritus\PC-Hawk-Customs\Documentation1\Help\Working\BuildTopics.proj]
BuildAssembler : warning : ShowMissingComponent: [M:PrimaryQueries.PowerSupply.GetAttributes] Missing &lt;summary&gt; documentation [C:\Users\Dylan Menchetti\Documents\Spring_2018\Computer_Science\Spring2018\Senioritus\PC-Hawk-Customs\Documentation1\Help\Working\BuildTopics.proj]
BuildAssembler : warning : ShowMissingComponent: [M:PrimaryQueries.PowerSupply.GetAttributes] Missing &lt;returns&gt; documentation [C:\Users\Dylan Menchetti\Documents\Spring_2018\Computer_Science\Spring2018\Senioritus\PC-Hawk-Customs\Documentation1\Help\Working\BuildTopics.proj]
BuildAssembler : warning : ShowMissingComponent: [P:PrimaryQueries.PowerSupply.modular] Missing &lt;summary&gt; documentation [C:\Users\Dylan Menchetti\Documents\Spring_2018\Computer_Science\Spring2018\Senioritus\PC-Hawk-Customs\Documentation1\Help\Working\BuildTopics.proj]
BuildAssembler : warning : ShowMissingComponent: [P:PrimaryQueries.PowerSupply.watts] Missing &lt;summary&gt; documentation [C:\Users\Dylan Menchetti\Documents\Spring_2018\Computer_Science\Spring2018\Senioritus\PC-Hawk-Customs\Documentation1\Help\Working\BuildTopics.proj]
BuildAssembler : warning : ShowMissingComponent: [P:PrimaryQueries.Storage.cache] Missing &lt;summary&gt; documentation [C:\Users\Dylan Menchetti\Documents\Spring_2018\Computer_Science\Spring2018\Senioritus\PC-Hawk-Customs\Documentation1\Help\Working\BuildTopics.proj]
BuildAssembler : warning : ShowMissingComponent: [P:PrimaryQueries.Storage.capacity] Missing &lt;summary&gt; documentation [C:\Users\Dylan Menchetti\Documents\Spring_2018\Computer_Science\Spring2018\Senioritus\PC-Hawk-Customs\Documentation1\Help\Working\BuildTopics.proj]
BuildAssembler : warning : ShowMissingComponent: [P:PrimaryQueries.Storage.form] Missing &lt;summary&gt; documentation [C:\Users\Dylan Menchetti\Documents\Spring_2018\Computer_Science\Spring2018\Senioritus\PC-Hawk-Customs\Documentation1\Help\Working\BuildTopics.proj]
BuildAssembler : warning : ShowMissingComponent: [M:PrimaryQueries.Storage.GetAttributes] Missing &lt;summary&gt; documentation [C:\Users\Dylan Menchetti\Documents\Spring_2018\Computer_Science\Spring2018\Senioritus\PC-Hawk-Customs\Documentation1\Help\Working\BuildTopics.proj]
BuildAssembler : warning : ShowMissingComponent: [M:PrimaryQueries.Storage.GetAttributes] Missing &lt;returns&gt; documentation [C:\Users\Dylan Menchetti\Documents\Spring_2018\Computer_Science\Spring2018\Senioritus\PC-Hawk-Customs\Documentation1\Help\Working\BuildTopics.proj]
BuildAssembler : warning : ShowMissingComponent: [P:PrimaryQueries.Storage.series] Missing &lt;summary&gt; documentation [C:\Users\Dylan Menchetti\Documents\Spring_2018\Computer_Science\Spring2018\Senioritus\PC-Hawk-Customs\Documentation1\Help\Working\BuildTopics.proj]
BuildAssembler : warning : ShowMissingComponent: [P:PrimaryQueries.Storage.type] Missing &lt;summary&gt; documentation [C:\Users\Dylan Menchetti\Documents\Spring_2018\Computer_Science\Spring2018\Senioritus\PC-Hawk-Customs\Documentation1\Help\Working\BuildTopics.proj]
  Processed 281 topic(s)
  158 warning(s)
  CopyFromIndexComponent: &quot;metadata&quot; in-memory cache entries used: 1 of 15.
  ResolveArtLinksComponent: Copying media files...
  ResolveReferenceLinksComponent: 549 entries added to the MSDN content ID cache.  New cache size: 549 entries
  CopyFromIndexComponent: &quot;reflection&quot; in-memory cache entries used: 3 of 15.
  CopyFromIndexComponent: &quot;comments&quot; in-memory cache entries used: 2 of 30.
Done Building Project &quot;C:\Users\Dylan Menchetti\Documents\Spring_2018\Computer_Science\Spring2018\Senioritus\PC-Hawk-Customs\Documentation1\Help\Working\BuildTopics.proj&quot; (default targets).

Build succeeded.

Time Elapsed 00:02:50.29
    Last step completed in 00:02:50.6540
</buildStep>
<buildStep step="CombiningIntermediateTocFiles">
Combining conceptual and API intermediate TOC files...
    Last step completed in 00:00:00.0156
</buildStep>
<buildStep step="ExtractingHtmlInfo">
Extracting HTML info for HTML Help 1 and/or website...
[C:\Program Files (x86)\MSBuild\14.0\bin\amd64\MSBuild.exe - ExtractHtmlInfo.proj]
Sandcastle Help File Builder and Tools, version 2017.12.30.2
Copyright c 2006-2017, Eric Woodruff, All Rights Reserved
E-Mail: Eric@EWoodruff.us

Using LCID &#39;1033&#39;, code page &#39;65001&#39;, encoding charset &#39;UTF-8&#39;.

Processing Help 1 files in C:\Users\Dylan Menchetti\Documents\Spring_2018\Computer_Science\Spring2018\Senioritus\PC-Hawk-Customs\Documentation1\Help\Working\Output\HtmlHelp1
Processed 281 HTML files
Sorting keywords and generating See Also indices
Saving HTML Help 1 keyword index to C:\Users\Dylan Menchetti\Documents\Spring_2018\Computer_Science\Spring2018\Senioritus\PC-Hawk-Customs\Documentation1\Help\Working\Documentation1.hhk
Saving HTML Help 1 table of contents to C:\Users\Dylan Menchetti\Documents\Spring_2018\Computer_Science\Spring2018\Senioritus\PC-Hawk-Customs\Documentation1\Help\Working\Documentation1.hhc
    Last step completed in 00:00:01.0001
</buildStep>
<buildStep step="CopyStandardHelpContent">
Copying standard help content...
C:\Program Files (x86)\EWSoftware\Sandcastle Help File Builder\PresentationStyles\VS2013\icons\AlertCaution.png -&gt; C:\Users\Dylan Menchetti\Documents\Spring_2018\Computer_Science\Spring2018\Senioritus\PC-Hawk-Customs\Documentation1\Help\Working\Output\HtmlHelp1\icons\AlertCaution.png
C:\Program Files (x86)\EWSoftware\Sandcastle Help File Builder\PresentationStyles\VS2013\icons\AlertNote.png -&gt; C:\Users\Dylan Menchetti\Documents\Spring_2018\Computer_Science\Spring2018\Senioritus\PC-Hawk-Customs\Documentation1\Help\Working\Output\HtmlHelp1\icons\AlertNote.png
C:\Program Files (x86)\EWSoftware\Sandcastle Help File Builder\PresentationStyles\VS2013\icons\AlertSecurity.png -&gt; C:\Users\Dylan Menchetti\Documents\Spring_2018\Computer_Science\Spring2018\Senioritus\PC-Hawk-Customs\Documentation1\Help\Working\Output\HtmlHelp1\icons\AlertSecurity.png
C:\Program Files (x86)\EWSoftware\Sandcastle Help File Builder\PresentationStyles\VS2013\icons\CFW.gif -&gt; C:\Users\Dylan Menchetti\Documents\Spring_2018\Computer_Science\Spring2018\Senioritus\PC-Hawk-Customs\Documentation1\Help\Working\Output\HtmlHelp1\icons\CFW.gif
C:\Program Files (x86)\EWSoftware\Sandcastle Help File Builder\PresentationStyles\VS2013\icons\CodeExample.png -&gt; C:\Users\Dylan Menchetti\Documents\Spring_2018\Computer_Science\Spring2018\Senioritus\PC-Hawk-Customs\Documentation1\Help\Working\Output\HtmlHelp1\icons\CodeExample.png
C:\Program Files (x86)\EWSoftware\Sandcastle Help File Builder\PresentationStyles\VS2013\icons\favicon.ico -&gt; C:\Users\Dylan Menchetti\Documents\Spring_2018\Computer_Science\Spring2018\Senioritus\PC-Hawk-Customs\Documentation1\Help\Working\Output\HtmlHelp1\icons\favicon.ico
C:\Program Files (x86)\EWSoftware\Sandcastle Help File Builder\PresentationStyles\VS2013\icons\privclass.gif -&gt; C:\Users\Dylan Menchetti\Documents\Spring_2018\Computer_Science\Spring2018\Senioritus\PC-Hawk-Customs\Documentation1\Help\Working\Output\HtmlHelp1\icons\privclass.gif
C:\Program Files (x86)\EWSoftware\Sandcastle Help File Builder\PresentationStyles\VS2013\icons\privdelegate.gif -&gt; C:\Users\Dylan Menchetti\Documents\Spring_2018\Computer_Science\Spring2018\Senioritus\PC-Hawk-Customs\Documentation1\Help\Working\Output\HtmlHelp1\icons\privdelegate.gif
C:\Program Files (x86)\EWSoftware\Sandcastle Help File Builder\PresentationStyles\VS2013\icons\privenumeration.gif -&gt; C:\Users\Dylan Menchetti\Documents\Spring_2018\Computer_Science\Spring2018\Senioritus\PC-Hawk-Customs\Documentation1\Help\Working\Output\HtmlHelp1\icons\privenumeration.gif
C:\Program Files (x86)\EWSoftware\Sandcastle Help File Builder\PresentationStyles\VS2013\icons\privevent.gif -&gt; C:\Users\Dylan Menchetti\Documents\Spring_2018\Computer_Science\Spring2018\Senioritus\PC-Hawk-Customs\Documentation1\Help\Working\Output\HtmlHelp1\icons\privevent.gif
C:\Program Files (x86)\EWSoftware\Sandcastle Help File Builder\PresentationStyles\VS2013\icons\privextension.gif -&gt; C:\Users\Dylan Menchetti\Documents\Spring_2018\Computer_Science\Spring2018\Senioritus\PC-Hawk-Customs\Documentation1\Help\Working\Output\HtmlHelp1\icons\privextension.gif
C:\Program Files (x86)\EWSoftware\Sandcastle Help File Builder\PresentationStyles\VS2013\icons\privfield.gif -&gt; C:\Users\Dylan Menchetti\Documents\Spring_2018\Computer_Science\Spring2018\Senioritus\PC-Hawk-Customs\Documentation1\Help\Working\Output\HtmlHelp1\icons\privfield.gif
C:\Program Files (x86)\EWSoftware\Sandcastle Help File Builder\PresentationStyles\VS2013\icons\privinterface.gif -&gt; C:\Users\Dylan Menchetti\Documents\Spring_2018\Computer_Science\Spring2018\Senioritus\PC-Hawk-Customs\Documentation1\Help\Working\Output\HtmlHelp1\icons\privinterface.gif
C:\Program Files (x86)\EWSoftware\Sandcastle Help File Builder\PresentationStyles\VS2013\icons\privmethod.gif -&gt; C:\Users\Dylan Menchetti\Documents\Spring_2018\Computer_Science\Spring2018\Senioritus\PC-Hawk-Customs\Documentation1\Help\Working\Output\HtmlHelp1\icons\privmethod.gif
C:\Program Files (x86)\EWSoftware\Sandcastle Help File Builder\PresentationStyles\VS2013\icons\privproperty.gif -&gt; C:\Users\Dylan Menchetti\Documents\Spring_2018\Computer_Science\Spring2018\Senioritus\PC-Hawk-Customs\Documentation1\Help\Working\Output\HtmlHelp1\icons\privproperty.gif
C:\Program Files (x86)\EWSoftware\Sandcastle Help File Builder\PresentationStyles\VS2013\icons\privstructure.gif -&gt; C:\Users\Dylan Menchetti\Documents\Spring_2018\Computer_Science\Spring2018\Senioritus\PC-Hawk-Customs\Documentation1\Help\Working\Output\HtmlHelp1\icons\privstructure.gif
C:\Program Files (x86)\EWSoftware\Sandcastle Help File Builder\PresentationStyles\VS2013\icons\protclass.gif -&gt; C:\Users\Dylan Menchetti\Documents\Spring_2018\Computer_Science\Spring2018\Senioritus\PC-Hawk-Customs\Documentation1\Help\Working\Output\HtmlHelp1\icons\protclass.gif
C:\Program Files (x86)\EWSoftware\Sandcastle Help File Builder\PresentationStyles\VS2013\icons\protdelegate.gif -&gt; C:\Users\Dylan Menchetti\Documents\Spring_2018\Computer_Science\Spring2018\Senioritus\PC-Hawk-Customs\Documentation1\Help\Working\Output\HtmlHelp1\icons\protdelegate.gif
C:\Program Files (x86)\EWSoftware\Sandcastle Help File Builder\PresentationStyles\VS2013\icons\protenumeration.gif -&gt; C:\Users\Dylan Menchetti\Documents\Spring_2018\Computer_Science\Spring2018\Senioritus\PC-Hawk-Customs\Documentation1\Help\Working\Output\HtmlHelp1\icons\protenumeration.gif
C:\Program Files (x86)\EWSoftware\Sandcastle Help File Builder\PresentationStyles\VS2013\icons\protevent.gif -&gt; C:\Users\Dylan Menchetti\Documents\Spring_2018\Computer_Science\Spring2018\Senioritus\PC-Hawk-Customs\Documentation1\Help\Working\Output\HtmlHelp1\icons\protevent.gif
C:\Program Files (x86)\EWSoftware\Sandcastle Help File Builder\PresentationStyles\VS2013\icons\protextension.gif -&gt; C:\Users\Dylan Menchetti\Documents\Spring_2018\Computer_Science\Spring2018\Senioritus\PC-Hawk-Customs\Documentation1\Help\Working\Output\HtmlHelp1\icons\protextension.gif
C:\Program Files (x86)\EWSoftware\Sandcastle Help File Builder\PresentationStyles\VS2013\icons\protfield.gif -&gt; C:\Users\Dylan Menchetti\Documents\Spring_2018\Computer_Science\Spring2018\Senioritus\PC-Hawk-Customs\Documentation1\Help\Working\Output\HtmlHelp1\icons\protfield.gif
C:\Program Files (x86)\EWSoftware\Sandcastle Help File Builder\PresentationStyles\VS2013\icons\protinterface.gif -&gt; C:\Users\Dylan Menchetti\Documents\Spring_2018\Computer_Science\Spring2018\Senioritus\PC-Hawk-Customs\Documentation1\Help\Working\Output\HtmlHelp1\icons\protinterface.gif
C:\Program Files (x86)\EWSoftware\Sandcastle Help File Builder\PresentationStyles\VS2013\icons\protmethod.gif -&gt; C:\Users\Dylan Menchetti\Documents\Spring_2018\Computer_Science\Spring2018\Senioritus\PC-Hawk-Customs\Documentation1\Help\Working\Output\HtmlHelp1\icons\protmethod.gif
C:\Program Files (x86)\EWSoftware\Sandcastle Help File Builder\PresentationStyles\VS2013\icons\protoperator.gif -&gt; C:\Users\Dylan Menchetti\Documents\Spring_2018\Computer_Science\Spring2018\Senioritus\PC-Hawk-Customs\Documentation1\Help\Working\Output\HtmlHelp1\icons\protoperator.gif
C:\Program Files (x86)\EWSoftware\Sandcastle Help File Builder\PresentationStyles\VS2013\icons\protproperty.gif -&gt; C:\Users\Dylan Menchetti\Documents\Spring_2018\Computer_Science\Spring2018\Senioritus\PC-Hawk-Customs\Documentation1\Help\Working\Output\HtmlHelp1\icons\protproperty.gif
C:\Program Files (x86)\EWSoftware\Sandcastle Help File Builder\PresentationStyles\VS2013\icons\protstructure.gif -&gt; C:\Users\Dylan Menchetti\Documents\Spring_2018\Computer_Science\Spring2018\Senioritus\PC-Hawk-Customs\Documentation1\Help\Working\Output\HtmlHelp1\icons\protstructure.gif
C:\Program Files (x86)\EWSoftware\Sandcastle Help File Builder\PresentationStyles\VS2013\icons\pubclass.gif -&gt; C:\Users\Dylan Menchetti\Documents\Spring_2018\Computer_Science\Spring2018\Senioritus\PC-Hawk-Customs\Documentation1\Help\Working\Output\HtmlHelp1\icons\pubclass.gif
C:\Program Files (x86)\EWSoftware\Sandcastle Help File Builder\PresentationStyles\VS2013\icons\pubdelegate.gif -&gt; C:\Users\Dylan Menchetti\Documents\Spring_2018\Computer_Science\Spring2018\Senioritus\PC-Hawk-Customs\Documentation1\Help\Working\Output\HtmlHelp1\icons\pubdelegate.gif
C:\Program Files (x86)\EWSoftware\Sandcastle Help File Builder\PresentationStyles\VS2013\icons\pubenumeration.gif -&gt; C:\Users\Dylan Menchetti\Documents\Spring_2018\Computer_Science\Spring2018\Senioritus\PC-Hawk-Customs\Documentation1\Help\Working\Output\HtmlHelp1\icons\pubenumeration.gif
C:\Program Files (x86)\EWSoftware\Sandcastle Help File Builder\PresentationStyles\VS2013\icons\pubevent.gif -&gt; C:\Users\Dylan Menchetti\Documents\Spring_2018\Computer_Science\Spring2018\Senioritus\PC-Hawk-Customs\Documentation1\Help\Working\Output\HtmlHelp1\icons\pubevent.gif
C:\Program Files (x86)\EWSoftware\Sandcastle Help File Builder\PresentationStyles\VS2013\icons\pubextension.gif -&gt; C:\Users\Dylan Menchetti\Documents\Spring_2018\Computer_Science\Spring2018\Senioritus\PC-Hawk-Customs\Documentation1\Help\Working\Output\HtmlHelp1\icons\pubextension.gif
C:\Program Files (x86)\EWSoftware\Sandcastle Help File Builder\PresentationStyles\VS2013\icons\pubfield.gif -&gt; C:\Users\Dylan Menchetti\Documents\Spring_2018\Computer_Science\Spring2018\Senioritus\PC-Hawk-Customs\Documentation1\Help\Working\Output\HtmlHelp1\icons\pubfield.gif
C:\Program Files (x86)\EWSoftware\Sandcastle Help File Builder\PresentationStyles\VS2013\icons\pubinterface.gif -&gt; C:\Users\Dylan Menchetti\Documents\Spring_2018\Computer_Science\Spring2018\Senioritus\PC-Hawk-Customs\Documentation1\Help\Working\Output\HtmlHelp1\icons\pubinterface.gif
C:\Program Files (x86)\EWSoftware\Sandcastle Help File Builder\PresentationStyles\VS2013\icons\pubmethod.gif -&gt; C:\Users\Dylan Menchetti\Documents\Spring_2018\Computer_Science\Spring2018\Senioritus\PC-Hawk-Customs\Documentation1\Help\Working\Output\HtmlHelp1\icons\pubmethod.gif
C:\Program Files (x86)\EWSoftware\Sandcastle Help File Builder\PresentationStyles\VS2013\icons\puboperator.gif -&gt; C:\Users\Dylan Menchetti\Documents\Spring_2018\Computer_Science\Spring2018\Senioritus\PC-Hawk-Customs\Documentation1\Help\Working\Output\HtmlHelp1\icons\puboperator.gif
C:\Program Files (x86)\EWSoftware\Sandcastle Help File Builder\PresentationStyles\VS2013\icons\pubproperty.gif -&gt; C:\Users\Dylan Menchetti\Documents\Spring_2018\Computer_Science\Spring2018\Senioritus\PC-Hawk-Customs\Documentation1\Help\Working\Output\HtmlHelp1\icons\pubproperty.gif
C:\Program Files (x86)\EWSoftware\Sandcastle Help File Builder\PresentationStyles\VS2013\icons\pubstructure.gif -&gt; C:\Users\Dylan Menchetti\Documents\Spring_2018\Computer_Science\Spring2018\Senioritus\PC-Hawk-Customs\Documentation1\Help\Working\Output\HtmlHelp1\icons\pubstructure.gif
C:\Program Files (x86)\EWSoftware\Sandcastle Help File Builder\PresentationStyles\VS2013\icons\SectionCollapsed.png -&gt; C:\Users\Dylan Menchetti\Documents\Spring_2018\Computer_Science\Spring2018\Senioritus\PC-Hawk-Customs\Documentation1\Help\Working\Output\HtmlHelp1\icons\SectionCollapsed.png
C:\Program Files (x86)\EWSoftware\Sandcastle Help File Builder\PresentationStyles\VS2013\icons\SectionExpanded.png -&gt; C:\Users\Dylan Menchetti\Documents\Spring_2018\Computer_Science\Spring2018\Senioritus\PC-Hawk-Customs\Documentation1\Help\Working\Output\HtmlHelp1\icons\SectionExpanded.png
C:\Program Files (x86)\EWSoftware\Sandcastle Help File Builder\PresentationStyles\VS2013\icons\slMobile.gif -&gt; C:\Users\Dylan Menchetti\Documents\Spring_2018\Computer_Science\Spring2018\Senioritus\PC-Hawk-Customs\Documentation1\Help\Working\Output\HtmlHelp1\icons\slMobile.gif
C:\Program Files (x86)\EWSoftware\Sandcastle Help File Builder\PresentationStyles\VS2013\icons\static.gif -&gt; C:\Users\Dylan Menchetti\Documents\Spring_2018\Computer_Science\Spring2018\Senioritus\PC-Hawk-Customs\Documentation1\Help\Working\Output\HtmlHelp1\icons\static.gif
C:\Program Files (x86)\EWSoftware\Sandcastle Help File Builder\PresentationStyles\VS2013\icons\xna.gif -&gt; C:\Users\Dylan Menchetti\Documents\Spring_2018\Computer_Science\Spring2018\Senioritus\PC-Hawk-Customs\Documentation1\Help\Working\Output\HtmlHelp1\icons\xna.gif
C:\Program Files (x86)\EWSoftware\Sandcastle Help File Builder\PresentationStyles\VS2013\scripts\branding.js -&gt; C:\Users\Dylan Menchetti\Documents\Spring_2018\Computer_Science\Spring2018\Senioritus\PC-Hawk-Customs\Documentation1\Help\Working\Output\HtmlHelp1\scripts\branding.js
C:\Program Files (x86)\EWSoftware\Sandcastle Help File Builder\PresentationStyles\VS2013\styles\branding-cs-CZ.css -&gt; C:\Users\Dylan Menchetti\Documents\Spring_2018\Computer_Science\Spring2018\Senioritus\PC-Hawk-Customs\Documentation1\Help\Working\Output\HtmlHelp1\styles\branding-cs-CZ.css
C:\Program Files (x86)\EWSoftware\Sandcastle Help File Builder\PresentationStyles\VS2013\styles\branding-de-DE.css -&gt; C:\Users\Dylan Menchetti\Documents\Spring_2018\Computer_Science\Spring2018\Senioritus\PC-Hawk-Customs\Documentation1\Help\Working\Output\HtmlHelp1\styles\branding-de-DE.css
C:\Program Files (x86)\EWSoftware\Sandcastle Help File Builder\PresentationStyles\VS2013\styles\branding-en-US.css -&gt; C:\Users\Dylan Menchetti\Documents\Spring_2018\Computer_Science\Spring2018\Senioritus\PC-Hawk-Customs\Documentation1\Help\Working\Output\HtmlHelp1\styles\branding-en-US.css
C:\Program Files (x86)\EWSoftware\Sandcastle Help File Builder\PresentationStyles\VS2013\styles\branding-es-ES.css -&gt; C:\Users\Dylan Menchetti\Documents\Spring_2018\Computer_Science\Spring2018\Senioritus\PC-Hawk-Customs\Documentation1\Help\Working\Output\HtmlHelp1\styles\branding-es-ES.css
C:\Program Files (x86)\EWSoftware\Sandcastle Help File Builder\PresentationStyles\VS2013\styles\branding-fr-FR.css -&gt; C:\Users\Dylan Menchetti\Documents\Spring_2018\Computer_Science\Spring2018\Senioritus\PC-Hawk-Customs\Documentation1\Help\Working\Output\HtmlHelp1\styles\branding-fr-FR.css
C:\Program Files (x86)\EWSoftware\Sandcastle Help File Builder\PresentationStyles\VS2013\styles\branding-Help1.css -&gt; C:\Users\Dylan Menchetti\Documents\Spring_2018\Computer_Science\Spring2018\Senioritus\PC-Hawk-Customs\Documentation1\Help\Working\Output\HtmlHelp1\styles\branding-Help1.css
C:\Program Files (x86)\EWSoftware\Sandcastle Help File Builder\PresentationStyles\VS2013\styles\branding-HelpViewer.css -&gt; C:\Users\Dylan Menchetti\Documents\Spring_2018\Computer_Science\Spring2018\Senioritus\PC-Hawk-Customs\Documentation1\Help\Working\Output\HtmlHelp1\styles\branding-HelpViewer.css
C:\Program Files (x86)\EWSoftware\Sandcastle Help File Builder\PresentationStyles\VS2013\styles\branding-it-IT.css -&gt; C:\Users\Dylan Menchetti\Documents\Spring_2018\Computer_Science\Spring2018\Senioritus\PC-Hawk-Customs\Documentation1\Help\Working\Output\HtmlHelp1\styles\branding-it-IT.css
C:\Program Files (x86)\EWSoftware\Sandcastle Help File Builder\PresentationStyles\VS2013\styles\branding-ja-JP.css -&gt; C:\Users\Dylan Menchetti\Documents\Spring_2018\Computer_Science\Spring2018\Senioritus\PC-Hawk-Customs\Documentation1\Help\Working\Output\HtmlHelp1\styles\branding-ja-JP.css
C:\Program Files (x86)\EWSoftware\Sandcastle Help File Builder\PresentationStyles\VS2013\styles\branding-ko-KR.css -&gt; C:\Users\Dylan Menchetti\Documents\Spring_2018\Computer_Science\Spring2018\Senioritus\PC-Hawk-Customs\Documentation1\Help\Working\Output\HtmlHelp1\styles\branding-ko-KR.css
C:\Program Files (x86)\EWSoftware\Sandcastle Help File Builder\PresentationStyles\VS2013\styles\branding-pl-PL.css -&gt; C:\Users\Dylan Menchetti\Documents\Spring_2018\Computer_Science\Spring2018\Senioritus\PC-Hawk-Customs\Documentation1\Help\Working\Output\HtmlHelp1\styles\branding-pl-PL.css
C:\Program Files (x86)\EWSoftware\Sandcastle Help File Builder\PresentationStyles\VS2013\styles\branding-pt-BR.css -&gt; C:\Users\Dylan Menchetti\Documents\Spring_2018\Computer_Science\Spring2018\Senioritus\PC-Hawk-Customs\Documentation1\Help\Working\Output\HtmlHelp1\styles\branding-pt-BR.css
C:\Program Files (x86)\EWSoftware\Sandcastle Help File Builder\PresentationStyles\VS2013\styles\branding-ru-RU.css -&gt; C:\Users\Dylan Menchetti\Documents\Spring_2018\Computer_Science\Spring2018\Senioritus\PC-Hawk-Customs\Documentation1\Help\Working\Output\HtmlHelp1\styles\branding-ru-RU.css
C:\Program Files (x86)\EWSoftware\Sandcastle Help File Builder\PresentationStyles\VS2013\styles\branding-tr-TR.css -&gt; C:\Users\Dylan Menchetti\Documents\Spring_2018\Computer_Science\Spring2018\Senioritus\PC-Hawk-Customs\Documentation1\Help\Working\Output\HtmlHelp1\styles\branding-tr-TR.css
C:\Program Files (x86)\EWSoftware\Sandcastle Help File Builder\PresentationStyles\VS2013\styles\branding-Website.css -&gt; C:\Users\Dylan Menchetti\Documents\Spring_2018\Computer_Science\Spring2018\Senioritus\PC-Hawk-Customs\Documentation1\Help\Working\Output\HtmlHelp1\styles\branding-Website.css
C:\Program Files (x86)\EWSoftware\Sandcastle Help File Builder\PresentationStyles\VS2013\styles\branding-zh-CN.css -&gt; C:\Users\Dylan Menchetti\Documents\Spring_2018\Computer_Science\Spring2018\Senioritus\PC-Hawk-Customs\Documentation1\Help\Working\Output\HtmlHelp1\styles\branding-zh-CN.css
C:\Program Files (x86)\EWSoftware\Sandcastle Help File Builder\PresentationStyles\VS2013\styles\branding-zh-TW.css -&gt; C:\Users\Dylan Menchetti\Documents\Spring_2018\Computer_Science\Spring2018\Senioritus\PC-Hawk-Customs\Documentation1\Help\Working\Output\HtmlHelp1\styles\branding-zh-TW.css
C:\Program Files (x86)\EWSoftware\Sandcastle Help File Builder\PresentationStyles\VS2013\styles\branding.css -&gt; C:\Users\Dylan Menchetti\Documents\Spring_2018\Computer_Science\Spring2018\Senioritus\PC-Hawk-Customs\Documentation1\Help\Working\Output\HtmlHelp1\styles\branding.css
    Last step completed in 00:00:00.6879
</buildStep>
<buildStep step="GenerateHelpFormatTableOfContents">
Generating HTML Help 1 table of contents file...
    Last step completed in 00:00:00.0000
</buildStep>
<buildStep step="GenerateHelpFileIndex">
Generating HTML Help 1 index file...
    Last step completed in 00:00:00.0000
</buildStep>
<buildStep step="GenerateHelpProject">
Generating HTML Help 1 project file...
    Last step completed in 00:00:00.0000
</buildStep>
<buildStep step="CompilingHelpFile">
Compiling HTML Help 1 file...
[C:\Program Files (x86)\MSBuild\14.0\bin\amd64\MSBuild.exe - Build1xHelpFile.proj]
  Microsoft HTML Help Compiler 4.74.8702
  
  
  
  Compiling c:\Users\Dylan Menchetti\Documents\Spring_2018\Computer_Science\Spring2018\Senioritus\PC-Hawk-Customs\Documentation1\Help\Working\Output\HtmlHelp1\Documentation1.chm
  
  
  
  
  
  Compile time: 0 minutes, 5 seconds
  
  283	Topics
  
  3,167	Local links
  
  19,425	Internet links
  
  0	Graphics
  
  
  
  
  
  Created c:\Users\Dylan Menchetti\Documents\Spring_2018\Computer_Science\Spring2018\Senioritus\PC-Hawk-Customs\Documentation1\Help\Working\Output\HtmlHelp1\Documentation1.chm, 609,248 bytes
  
  Compression decreased file by 5,012,071 bytes.
  
    Last step completed in 00:00:08.5072
</buildStep>
<buildStep step="CleanIntermediates">
Removing intermediate files...
    Last step completed in 00:00:00.5159
</buildStep>
<buildStep step="Completed">

Build completed successfully at 4/19/2018 7:55:08 PM.  Total time: 00:03:12.1826

</buildStep>
</shfbBuild>
